<?xml version="1.0" encoding="UTF-8"?>
<testsuite name="com.neo.AdminServerApplicationTests" time="0.011" tests="1" errors="1" skipped="0" failures="0">
  <properties>
[...]
</properties>
  <testcase name="initializationError" classname="com.neo.AdminServerApplicationTests" time="0.011">
    <error message="Unable to find a @SpringBootConfiguration, you need to use @ContextConfiguration or @SpringBootTest(classes=...) with your test" type="java.lang.IllegalStateException"><![CDATA[java.lang.IllegalStateException: Unable to find a @SpringBootConfiguration, you need to use @ContextConfiguration or @SpringBootTest(classes=...) with your test
	at org.springframework.util.Assert.state(Assert.java:70)
	at org.springframework.boot.test.context.SpringBootTestContextBootstrapper.getOrFindConfigurationClasses(SpringBootTestContextBootstrapper.java:202)
	at org.springframework.boot.test.context.SpringBootTestContextBootstrapper.processMergedContextConfiguration(SpringBootTestContextBootstrapper.java:137)
	at org.springframework.test.context.support.AbstractTestContextBootstrapper.buildMergedContextConfiguration(AbstractTestContextBootstrapper.java:409)
	at org.springframework.test.context.support.AbstractTestContextBootstrapper.buildDefaultMergedContextConfiguration(AbstractTestContextBootstrapper.java:323)
	at org.springframework.test.context.support.AbstractTestContextBootstrapper.buildMergedContextConfiguration(AbstractTestContextBootstrapper.java:277)
	at org.springframework.test.context.support.AbstractTestContextBootstrapper.buildTestContext(AbstractTestContextBootstrapper.java:112)
	at org.springframework.boot.test.context.SpringBootTestContextBootstrapper.buildTestContext(SpringBootTestContextBootstrapper.java:82)
	at org.springframework.test.context.TestContextManager.<init>(TestContextManager.java:120)
	at org.springframework.test.context.TestContextManager.<init>(TestContextManager.java:105)
	at org.springframework.test.context.junit4.SpringJUnit4ClassRunner.createTestContextManager(SpringJUnit4ClassRunner.java:152)
	at org.springframework.test.context.junit4.SpringJUnit4ClassRunner.<init>(SpringJUnit4ClassRunner.java:143)
	at org.springframework.test.context.junit4.SpringRunner.<init>(SpringRunner.java:49)
	at sun.reflect.NativeConstructorAccessorImpl.newInstance0(Native Method)
	at sun.reflect.NativeConstructorAccessorImpl.newInstance(NativeConstructorAccessorImpl.java:62)
	at sun.reflect.DelegatingConstructorAccessorImpl.newInstance(DelegatingConstructorAccessorImpl.java:45)
	at java.lang.reflect.Constructor.newInstance(Constructor.java:423)
	at org.junit.internal.builders.AnnotatedBuilder.buildRunner(AnnotatedBuilder.java:104)
	at org.junit.internal.builders.AnnotatedBuilder.runnerForClass(AnnotatedBuilder.java:86)
	at org.junit.runners.model.RunnerBuilder.safeRunnerForClass(RunnerBuilder.java:59)
	at org.junit.internal.builders.AllDefaultPossibilitiesBuilder.runnerForClass(AllDefaultPossibilitiesBuilder.java:26)
	at org.junit.runners.model.RunnerBuilder.safeRunnerForClass(RunnerBuilder.java:59)
	at org.junit.internal.requests.ClassRequest.getRunner(ClassRequest.java:33)
	at org.apache.maven.surefire.junit4.JUnit4Provider.execute(JUnit4Provider.java:283)
	at org.apache.maven.surefire.junit4.JUnit4Provider.executeWithRerun(JUnit4Provider.java:173)
	at org.apache.maven.surefire.junit4.JUnit4Provider.executeTestSet(JUnit4Provider.java:153)
	at org.apache.maven.surefire.junit4.JUnit4Provider.invoke(JUnit4Provider.java:128)
	at org.apache.maven.surefire.booter.ForkedBooter.invokeProviderInSameClassLoader(ForkedBooter.java:203)
	at org.apache.maven.surefire.booter.ForkedBooter.runSuitesInProcess(ForkedBooter.java:155)
	at org.apache.maven.surefire.booter.ForkedBooter.main(ForkedBooter.java:103)
]]></error>
    <system-out><![CDATA[13:06:26.810 [main] DEBUG org.springframework.test.context.junit4.SpringJUnit4ClassRunner - SpringJUnit4ClassRunner constructor called with [class com.neo.AdminServerApplicationTests]
13:06:26.817 [main] DEBUG org.springframework.test.context.BootstrapUtils - Instantiating CacheAwareContextLoaderDelegate from class [org.springframework.test.context.cache.DefaultCacheAwareContextLoaderDelegate]
13:06:26.829 [main] DEBUG org.springframework.test.context.BootstrapUtils - Instantiating BootstrapContext using constructor [public org.springframework.test.context.support.DefaultBootstrapContext(java.lang.Class,org.springframework.test.context.CacheAwareContextLoaderDelegate)]
13:06:26.857 [main] DEBUG org.springframework.test.context.BootstrapUtils - Instantiating TestContextBootstrapper for test class [com.neo.AdminServerApplicationTests] from class [org.springframework.boot.test.context.SpringBootTestContextBootstrapper]
13:06:26.879 [main] INFO org.springframework.boot.test.context.SpringBootTestContextBootstrapper - Neither @ContextConfiguration nor @ContextHierarchy found for test class [com.neo.AdminServerApplicationTests], using SpringBootContextLoader
13:06:26.885 [main] DEBUG org.springframework.test.context.support.AbstractContextLoader - Did not detect default resource location for test class [com.neo.AdminServerApplicationTests]: class path resource [com/neo/AdminServerApplicationTests-context.xml] does not exist
13:06:26.885 [main] DEBUG org.springframework.test.context.support.AbstractContextLoader - Did not detect default resource location for test class [com.neo.AdminServerApplicationTests]: class path resource [com/neo/AdminServerApplicationTestsContext.groovy] does not exist
13:06:26.886 [main] INFO org.springframework.test.context.support.AbstractContextLoader - Could not detect default resource locations for test class [com.neo.AdminServerApplicationTests]: no resource found for suffixes {-context.xml, Context.groovy}.
13:06:26.886 [main] INFO org.springframework.test.context.support.AnnotationConfigContextLoaderUtils - Could not detect default configuration classes for test class [com.neo.AdminServerApplicationTests]: AdminServerApplicationTests does not declare any static, non-private, non-final, nested classes annotated with @Configuration.
13:06:26.937 [main] DEBUG org.springframework.test.context.support.ActiveProfilesUtils - Could not find an 'annotation declaring class' for annotation type [org.springframework.test.context.ActiveProfiles] and class [com.neo.AdminServerApplicationTests]
13:06:26.947 [main] DEBUG org.springframework.core.env.StandardEnvironment - Adding PropertySource 'systemProperties' with lowest search precedence
13:06:26.949 [main] DEBUG org.springframework.core.env.StandardEnvironment - Adding PropertySource 'systemEnvironment' with lowest search precedence
13:06:26.950 [main] DEBUG org.springframework.core.env.StandardEnvironment - Initialized StandardEnvironment with PropertySources [MapPropertySource@1295083508 {name='systemProperties', properties={idea.version=2018.2.5, java.runtime.name=Java(TM) SE Runtime Environment, sun.boot.library.path=D:\soft\jdk\jre\bin, java.vm.version=25.172-b11, java.vm.vendor=Oracle Corporation, java.vendor.url=http://java.oracle.com/, path.separator=;, java.vm.name=Java HotSpot(TM) 64-Bit Server VM, file.encoding.pkg=sun.io, user.country=CN, user.script=, sun.java.launcher=SUN_STANDARD, sun.os.patch.level=, java.vm.specification.name=Java Virtual Machine Specification, user.dir=D:\Projects\spring-cloud-examples\spring-boot-admin-eureka\spring-boot-admin-server, java.runtime.version=1.8.0_172-b11, basedir=D:\Projects\spring-cloud-examples\spring-boot-admin-eureka\spring-boot-admin-server, java.awt.graphicsenv=sun.awt.Win32GraphicsEnvironment, java.endorsed.dirs=D:\soft\jdk\jre\lib\endorsed, os.arch=amd64, surefire.real.class.path=D:\Projects\spring-cloud-examples\spring-boot-admin-eureka\spring-boot-admin-server\target\surefire\surefirebooter1168767467812997099.jar, java.io.tmpdir=C:\Users\think\AppData\Local\Temp\, line.separator=
, java.vm.specification.vendor=Oracle Corporation, user.variant=, os.name=Windows 10, sun.jnu.encoding=GBK, java.library.path=D:\soft\jdk\jre\bin;C:\WINDOWS\Sun\Java\bin;C:\WINDOWS\system32;C:\WINDOWS;D:\soft\python2\;D:\soft\python2\Scripts;C:\Program Files\Java\jre1.8.0_172\bin;C:\Program Files\Java\jre1.8.0_172\jre\bin;C:\Program Files (x86)\Common Files\Oracle\Java\javapath;C:\Program Files (x86)\Intel\iCLS Client\;C:\Program Files\Intel\iCLS Client\;C:\Windows\system32;C:\Windows;C:\Windows\System32\Wbem;C:\Windows\System32\WindowsPowerShell\v1.0\;C:\Program Files (x86)\Intel\Intel(R) Management Engine Components\DAL;C:\Program Files\Intel\Intel(R) Management Engine Components\DAL;C:\Program Files (x86)\Intel\Intel(R) Management Engine Components\IPT;C:\Program Files\Intel\Intel(R) Management Engine Components\IPT;C:\Program Files (x86)\NVIDIA Corporation\PhysX\Common;D:\soft\apache-maven-3.5.4\bin;C:\Program Files (x86)\MySQL\MySQL Utilities 1.6\;C:\WINDOWS\system32;C:\WINDOWS;C:\WINDOWS\System32\Wbem;C:\WINDOWS\System32\WindowsPowerShell\v1.0\;C:\WINDOWS\System32\OpenSSH\;D:\soft\nodeJS\;D:\soft\Git\cmd;C:\Users\think\AppData\Local\Microsoft\WindowsApps;C:\Users\think\AppData\Roaming\npm;., surefire.test.class.path=D:\Projects\spring-cloud-examples\spring-boot-admin-eureka\spring-boot-admin-server\target\test-classes;D:\Projects\spring-cloud-examples\spring-boot-admin-eureka\spring-boot-admin-server\target\classes;D:\registry\org\springframework\cloud\spring-cloud-starter-eureka\1.4.2.RELEASE\spring-cloud-starter-eureka-1.4.2.RELEASE.jar;D:\registry\org\springframework\cloud\spring-cloud-starter-netflix-eureka-client\1.4.2.RELEASE\spring-cloud-starter-netflix-eureka-client-1.4.2.RELEASE.jar;D:\registry\org\springframework\cloud\spring-cloud-starter\1.3.1.RELEASE\spring-cloud-starter-1.3.1.RELEASE.jar;D:\registry\org\springframework\security\spring-security-rsa\1.0.3.RELEASE\spring-security-rsa-1.0.3.RELEASE.jar;D:\registry\org\bouncycastle\bcpkix-jdk15on\1.55\bcpkix-jdk15on-1.55.jar;D:\registry\org\bouncycastle\bcprov-jdk15on\1.55\bcprov-jdk15on-1.55.jar;D:\registry\org\springframework\cloud\spring-cloud-netflix-eureka-client\1.4.2.RELEASE\spring-cloud-netflix-eureka-client-1.4.2.RELEASE.jar;D:\registry\com\netflix\eureka\eureka-client\1.7.0\eureka-client-1.7.0.jar;D:\registry\org\codehaus\jettison\jettison\1.3.7\jettison-1.3.7.jar;D:\registry\stax\stax-api\1.0.1\stax-api-1.0.1.jar;D:\registry\com\netflix\netflix-commons\netflix-eventbus\0.3.0\netflix-eventbus-0.3.0.jar;D:\registry\com\netflix\netflix-commons\netflix-infix\0.3.0\netflix-infix-0.3.0.jar;D:\registry\commons-jxpath\commons-jxpath\1.3\commons-jxpath-1.3.jar;D:\registry\joda-time\joda-time\2.9.9\joda-time-2.9.9.jar;D:\registry\org\antlr\antlr-runtime\3.4\antlr-runtime-3.4.jar;D:\registry\org\antlr\stringtemplate\3.2.1\stringtemplate-3.2.1.jar;D:\registry\antlr\antlr\2.7.7\antlr-2.7.7.jar;D:\registry\com\google\code\gson\gson\2.8.2\gson-2.8.2.jar;D:\registry\org\apache\commons\commons-math\2.2\commons-math-2.2.jar;D:\registry\javax\ws\rs\jsr311-api\1.1.1\jsr311-api-1.1.1.jar;D:\registry\com\sun\jersey\jersey-core\1.19.1\jersey-core-1.19.1.jar;D:\registry\com\sun\jersey\jersey-client\1.19.1\jersey-client-1.19.1.jar;D:\registry\com\sun\jersey\contribs\jersey-apache-client4\1.19.1\jersey-apache-client4-1.19.1.jar;D:\registry\com\google\inject\guice\4.1.0\guice-4.1.0.jar;D:\registry\javax\inject\javax.inject\1\javax.inject-1.jar;D:\registry\aopalliance\aopalliance\1.0\aopalliance-1.0.jar;D:\registry\com\netflix\eureka\eureka-core\1.7.0\eureka-core-1.7.0.jar;D:\registry\org\codehaus\woodstox\woodstox-core-asl\4.4.1\woodstox-core-asl-4.4.1.jar;D:\registry\javax\xml\stream\stax-api\1.0-2\stax-api-1.0-2.jar;D:\registry\org\codehaus\woodstox\stax2-api\3.1.4\stax2-api-3.1.4.jar;D:\registry\org\springframework\cloud\spring-cloud-starter-netflix-archaius\1.4.2.RELEASE\spring-cloud-starter-netflix-archaius-1.4.2.RELEASE.jar;D:\registry\commons-configuration\commons-configuration\1.8\commons-configuration-1.8.jar;D:\registry\commons-lang\commons-lang\2.6\commons-lang-2.6.jar;D:\registry\com\google\guava\guava\18.0\guava-18.0.jar;D:\registry\org\springframework\cloud\spring-cloud-starter-netflix-ribbon\1.4.2.RELEASE\spring-cloud-starter-netflix-ribbon-1.4.2.RELEASE.jar;D:\registry\com\netflix\ribbon\ribbon\2.2.4\ribbon-2.2.4.jar;D:\registry\com\netflix\ribbon\ribbon-transport\2.2.4\ribbon-transport-2.2.4.jar;D:\registry\io\reactivex\rxnetty-contexts\0.4.9\rxnetty-contexts-0.4.9.jar;D:\registry\io\reactivex\rxnetty-servo\0.4.9\rxnetty-servo-0.4.9.jar;D:\registry\io\reactivex\rxnetty\0.4.9\rxnetty-0.4.9.jar;D:\registry\io\netty\netty-codec-http\4.0.27.Final\netty-codec-http-4.0.27.Final.jar;D:\registry\io\netty\netty-codec\4.0.27.Final\netty-codec-4.0.27.Final.jar;D:\registry\io\netty\netty-handler\4.0.27.Final\netty-handler-4.0.27.Final.jar;D:\registry\io\netty\netty-transport-native-epoll\4.0.27.Final\netty-transport-native-epoll-4.0.27.Final.jar;D:\registry\io\netty\netty-common\4.0.27.Final\netty-common-4.0.27.Final.jar;D:\registry\io\netty\netty-buffer\4.0.27.Final\netty-buffer-4.0.27.Final.jar;D:\registry\io\netty\netty-transport\4.0.27.Final\netty-transport-4.0.27.Final.jar;D:\registry\com\netflix\ribbon\ribbon-core\2.2.4\ribbon-core-2.2.4.jar;D:\registry\com\netflix\ribbon\ribbon-httpclient\2.2.4\ribbon-httpclient-2.2.4.jar;D:\registry\commons-collections\commons-collections\3.2.2\commons-collections-3.2.2.jar;D:\registry\com\netflix\ribbon\ribbon-loadbalancer\2.2.4\ribbon-loadbalancer-2.2.4.jar;D:\registry\com\netflix\netflix-commons\netflix-statistics\0.1.1\netflix-statistics-0.1.1.jar;D:\registry\com\netflix\ribbon\ribbon-eureka\2.2.4\ribbon-eureka-2.2.4.jar;D:\registry\com\thoughtworks\xstream\xstream\1.4.9\xstream-1.4.9.jar;D:\registry\xmlpull\xmlpull\1.1.3.1\xmlpull-1.1.3.1.jar;D:\registry\xpp3\xpp3_min\1.1.4c\xpp3_min-1.1.4c.jar;D:\registry\de\codecentric\spring-boot-admin-server\1.5.6\spring-boot-admin-server-1.5.6.jar;D:\registry\org\springframework\boot\spring-boot-starter-web\1.5.9.RELEASE\spring-boot-starter-web-1.5.9.RELEASE.jar;D:\registry\org\springframework\boot\spring-boot-starter-tomcat\1.5.9.RELEASE\spring-boot-starter-tomcat-1.5.9.RELEASE.jar;D:\registry\org\apache\tomcat\embed\tomcat-embed-core\8.5.23\tomcat-embed-core-8.5.23.jar;D:\registry\org\apache\tomcat\tomcat-annotations-api\8.5.23\tomcat-annotations-api-8.5.23.jar;D:\registry\org\apache\tomcat\embed\tomcat-embed-el\8.5.23\tomcat-embed-el-8.5.23.jar;D:\registry\org\apache\tomcat\embed\tomcat-embed-websocket\8.5.23\tomcat-embed-websocket-8.5.23.jar;D:\registry\org\hibernate\hibernate-validator\5.3.6.Final\hibernate-validator-5.3.6.Final.jar;D:\registry\javax\validation\validation-api\1.1.0.Final\validation-api-1.1.0.Final.jar;D:\registry\org\jboss\logging\jboss-logging\3.3.1.Final\jboss-logging-3.3.1.Final.jar;D:\registry\com\fasterxml\classmate\1.3.4\classmate-1.3.4.jar;D:\registry\org\springframework\spring-web\4.3.13.RELEASE\spring-web-4.3.13.RELEASE.jar;D:\registry\org\springframework\spring-webmvc\4.3.13.RELEASE\spring-webmvc-4.3.13.RELEASE.jar;D:\registry\org\springframework\boot\spring-boot-starter-actuator\1.5.9.RELEASE\spring-boot-starter-actuator-1.5.9.RELEASE.jar;D:\registry\org\springframework\boot\spring-boot-actuator\1.5.9.RELEASE\spring-boot-actuator-1.5.9.RELEASE.jar;D:\registry\com\fasterxml\jackson\core\jackson-databind\2.8.10\jackson-databind-2.8.10.jar;D:\registry\com\fasterxml\jackson\core\jackson-annotations\2.8.0\jackson-annotations-2.8.0.jar;D:\registry\com\fasterxml\jackson\core\jackson-core\2.8.10\jackson-core-2.8.10.jar;D:\registry\com\netflix\zuul\zuul-core\1.3.0\zuul-core-1.3.0.jar;D:\registry\commons-io\commons-io\2.4\commons-io-2.4.jar;D:\registry\org\slf4j\slf4j-api\1.7.25\slf4j-api-1.7.25.jar;D:\registry\com\netflix\archaius\archaius-core\0.7.4\archaius-core-0.7.4.jar;D:\registry\com\google\code\findbugs\jsr305\3.0.1\jsr305-3.0.1.jar;D:\registry\com\netflix\servo\servo-core\0.10.1\servo-core-0.10.1.jar;D:\registry\com\netflix\servo\servo-internal\0.10.1\servo-internal-0.10.1.jar;D:\registry\com\netflix\netflix-commons\netflix-commons-util\0.1.1\netflix-commons-util-0.1.1.jar;D:\registry\com\netflix\hystrix\hystrix-core\1.5.12\hystrix-core-1.5.12.jar;D:\registry\io\reactivex\rxjava\1.2.0\rxjava-1.2.0.jar;D:\registry\org\hdrhistogram\HdrHistogram\2.1.9\HdrHistogram-2.1.9.jar;D:\registry\org\springframework\cloud\spring-cloud-netflix-core\1.4.2.RELEASE\spring-cloud-netflix-core-1.4.2.RELEASE.jar;D:\registry\org\springframework\boot\spring-boot\1.5.9.RELEASE\spring-boot-1.5.9.RELEASE.jar;D:\registry\org\springframework\boot\spring-boot-autoconfigure\1.5.9.RELEASE\spring-boot-autoconfigure-1.5.9.RELEASE.jar;D:\registry\org\springframework\cloud\spring-cloud-context\1.3.1.RELEASE\spring-cloud-context-1.3.1.RELEASE.jar;D:\registry\org\springframework\security\spring-security-crypto\4.2.3.RELEASE\spring-security-crypto-4.2.3.RELEASE.jar;D:\registry\org\springframework\cloud\spring-cloud-commons\1.3.1.RELEASE\spring-cloud-commons-1.3.1.RELEASE.jar;D:\registry\org\apache\httpcomponents\httpclient\4.5.3\httpclient-4.5.3.jar;D:\registry\org\apache\httpcomponents\httpcore\4.4.8\httpcore-4.4.8.jar;D:\registry\commons-codec\commons-codec\1.10\commons-codec-1.10.jar;D:\registry\de\codecentric\spring-boot-admin-server-ui\1.5.6\spring-boot-admin-server-ui-1.5.6.jar;D:\registry\org\springframework\boot\spring-boot-starter-mail\1.5.9.RELEASE\spring-boot-starter-mail-1.5.9.RELEASE.jar;D:\registry\org\springframework\boot\spring-boot-starter\1.5.9.RELEASE\spring-boot-starter-1.5.9.RELEASE.jar;D:\registry\org\springframework\boot\spring-boot-starter-logging\1.5.9.RELEASE\spring-boot-starter-logging-1.5.9.RELEASE.jar;D:\registry\ch\qos\logback\logback-classic\1.1.11\logback-classic-1.1.11.jar;D:\registry\ch\qos\logback\logback-core\1.1.11\logback-core-1.1.11.jar;D:\registry\org\slf4j\jcl-over-slf4j\1.7.25\jcl-over-slf4j-1.7.25.jar;D:\registry\org\slf4j\jul-to-slf4j\1.7.25\jul-to-slf4j-1.7.25.jar;D:\registry\org\slf4j\log4j-over-slf4j\1.7.25\log4j-over-slf4j-1.7.25.jar;D:\registry\org\yaml\snakeyaml\1.17\snakeyaml-1.17.jar;D:\registry\org\springframework\spring-context\4.3.13.RELEASE\spring-context-4.3.13.RELEASE.jar;D:\registry\org\springframework\spring-aop\4.3.13.RELEASE\spring-aop-4.3.13.RELEASE.jar;D:\registry\org\springframework\spring-beans\4.3.13.RELEASE\spring-beans-4.3.13.RELEASE.jar;D:\registry\org\springframework\spring-expression\4.3.13.RELEASE\spring-expression-4.3.13.RELEASE.jar;D:\registry\org\springframework\spring-context-support\4.3.13.RELEASE\spring-context-support-4.3.13.RELEASE.jar;D:\registry\com\sun\mail\javax.mail\1.5.6\javax.mail-1.5.6.jar;D:\registry\javax\activation\activation\1.1\activation-1.1.jar;D:\registry\org\springframework\boot\spring-boot-starter-test\1.5.9.RELEASE\spring-boot-starter-test-1.5.9.RELEASE.jar;D:\registry\org\springframework\boot\spring-boot-test\1.5.9.RELEASE\spring-boot-test-1.5.9.RELEASE.jar;D:\registry\org\springframework\boot\spring-boot-test-autoconfigure\1.5.9.RELEASE\spring-boot-test-autoconfigure-1.5.9.RELEASE.jar;D:\registry\com\jayway\jsonpath\json-path\2.2.0\json-path-2.2.0.jar;D:\registry\net\minidev\json-smart\2.2.1\json-smart-2.2.1.jar;D:\registry\net\minidev\accessors-smart\1.1\accessors-smart-1.1.jar;D:\registry\org\ow2\asm\asm\5.0.3\asm-5.0.3.jar;D:\registry\junit\junit\4.12\junit-4.12.jar;D:\registry\org\assertj\assertj-core\2.6.0\assertj-core-2.6.0.jar;D:\registry\org\mockito\mockito-core\1.10.19\mockito-core-1.10.19.jar;D:\registry\org\objenesis\objenesis\2.1\objenesis-2.1.jar;D:\registry\org\hamcrest\hamcrest-core\1.3\hamcrest-core-1.3.jar;D:\registry\org\hamcrest\hamcrest-library\1.3\hamcrest-library-1.3.jar;D:\registry\org\skyscreamer\jsonassert\1.4.0\jsonassert-1.4.0.jar;D:\registry\com\vaadin\external\google\android-json\0.0.20131108.vaadin1\android-json-0.0.20131108.vaadin1.jar;D:\registry\org\springframework\spring-core\4.3.13.RELEASE\spring-core-4.3.13.RELEASE.jar;D:\registry\org\springframework\spring-test\4.3.13.RELEASE\spring-test-4.3.13.RELEASE.jar;, java.specification.name=Java Platform API Specification, java.class.version=52.0, sun.management.compiler=HotSpot 64-Bit Tiered Compilers, os.version=10.0, user.home=C:\Users\think, user.timezone=Asia/Shanghai, java.awt.printerjob=sun.awt.windows.WPrinterJob, file.encoding=GBK, java.specification.version=1.8, java.class.path=D:\Projects\spring-cloud-examples\spring-boot-admin-eureka\spring-boot-admin-server\target\test-classes;D:\Projects\spring-cloud-examples\spring-boot-admin-eureka\spring-boot-admin-server\target\classes;D:\registry\org\springframework\cloud\spring-cloud-starter-eureka\1.4.2.RELEASE\spring-cloud-starter-eureka-1.4.2.RELEASE.jar;D:\registry\org\springframework\cloud\spring-cloud-starter-netflix-eureka-client\1.4.2.RELEASE\spring-cloud-starter-netflix-eureka-client-1.4.2.RELEASE.jar;D:\registry\org\springframework\cloud\spring-cloud-starter\1.3.1.RELEASE\spring-cloud-starter-1.3.1.RELEASE.jar;D:\registry\org\springframework\security\spring-security-rsa\1.0.3.RELEASE\spring-security-rsa-1.0.3.RELEASE.jar;D:\registry\org\bouncycastle\bcpkix-jdk15on\1.55\bcpkix-jdk15on-1.55.jar;D:\registry\org\bouncycastle\bcprov-jdk15on\1.55\bcprov-jdk15on-1.55.jar;D:\registry\org\springframework\cloud\spring-cloud-netflix-eureka-client\1.4.2.RELEASE\spring-cloud-netflix-eureka-client-1.4.2.RELEASE.jar;D:\registry\com\netflix\eureka\eureka-client\1.7.0\eureka-client-1.7.0.jar;D:\registry\org\codehaus\jettison\jettison\1.3.7\jettison-1.3.7.jar;D:\registry\stax\stax-api\1.0.1\stax-api-1.0.1.jar;D:\registry\com\netflix\netflix-commons\netflix-eventbus\0.3.0\netflix-eventbus-0.3.0.jar;D:\registry\com\netflix\netflix-commons\netflix-infix\0.3.0\netflix-infix-0.3.0.jar;D:\registry\commons-jxpath\commons-jxpath\1.3\commons-jxpath-1.3.jar;D:\registry\joda-time\joda-time\2.9.9\joda-time-2.9.9.jar;D:\registry\org\antlr\antlr-runtime\3.4\antlr-runtime-3.4.jar;D:\registry\org\antlr\stringtemplate\3.2.1\stringtemplate-3.2.1.jar;D:\registry\antlr\antlr\2.7.7\antlr-2.7.7.jar;D:\registry\com\google\code\gson\gson\2.8.2\gson-2.8.2.jar;D:\registry\org\apache\commons\commons-math\2.2\commons-math-2.2.jar;D:\registry\javax\ws\rs\jsr311-api\1.1.1\jsr311-api-1.1.1.jar;D:\registry\com\sun\jersey\jersey-core\1.19.1\jersey-core-1.19.1.jar;D:\registry\com\sun\jersey\jersey-client\1.19.1\jersey-client-1.19.1.jar;D:\registry\com\sun\jersey\contribs\jersey-apache-client4\1.19.1\jersey-apache-client4-1.19.1.jar;D:\registry\com\google\inject\guice\4.1.0\guice-4.1.0.jar;D:\registry\javax\inject\javax.inject\1\javax.inject-1.jar;D:\registry\aopalliance\aopalliance\1.0\aopalliance-1.0.jar;D:\registry\com\netflix\eureka\eureka-core\1.7.0\eureka-core-1.7.0.jar;D:\registry\org\codehaus\woodstox\woodstox-core-asl\4.4.1\woodstox-core-asl-4.4.1.jar;D:\registry\javax\xml\stream\stax-api\1.0-2\stax-api-1.0-2.jar;D:\registry\org\codehaus\woodstox\stax2-api\3.1.4\stax2-api-3.1.4.jar;D:\registry\org\springframework\cloud\spring-cloud-starter-netflix-archaius\1.4.2.RELEASE\spring-cloud-starter-netflix-archaius-1.4.2.RELEASE.jar;D:\registry\commons-configuration\commons-configuration\1.8\commons-configuration-1.8.jar;D:\registry\commons-lang\commons-lang\2.6\commons-lang-2.6.jar;D:\registry\com\google\guava\guava\18.0\guava-18.0.jar;D:\registry\org\springframework\cloud\spring-cloud-starter-netflix-ribbon\1.4.2.RELEASE\spring-cloud-starter-netflix-ribbon-1.4.2.RELEASE.jar;D:\registry\com\netflix\ribbon\ribbon\2.2.4\ribbon-2.2.4.jar;D:\registry\com\netflix\ribbon\ribbon-transport\2.2.4\ribbon-transport-2.2.4.jar;D:\registry\io\reactivex\rxnetty-contexts\0.4.9\rxnetty-contexts-0.4.9.jar;D:\registry\io\reactivex\rxnetty-servo\0.4.9\rxnetty-servo-0.4.9.jar;D:\registry\io\reactivex\rxnetty\0.4.9\rxnetty-0.4.9.jar;D:\registry\io\netty\netty-codec-http\4.0.27.Final\netty-codec-http-4.0.27.Final.jar;D:\registry\io\netty\netty-codec\4.0.27.Final\netty-codec-4.0.27.Final.jar;D:\registry\io\netty\netty-handler\4.0.27.Final\netty-handler-4.0.27.Final.jar;D:\registry\io\netty\netty-transport-native-epoll\4.0.27.Final\netty-transport-native-epoll-4.0.27.Final.jar;D:\registry\io\netty\netty-common\4.0.27.Final\netty-common-4.0.27.Final.jar;D:\registry\io\netty\netty-buffer\4.0.27.Final\netty-buffer-4.0.27.Final.jar;D:\registry\io\netty\netty-transport\4.0.27.Final\netty-transport-4.0.27.Final.jar;D:\registry\com\netflix\ribbon\ribbon-core\2.2.4\ribbon-core-2.2.4.jar;D:\registry\com\netflix\ribbon\ribbon-httpclient\2.2.4\ribbon-httpclient-2.2.4.jar;D:\registry\commons-collections\commons-collections\3.2.2\commons-collections-3.2.2.jar;D:\registry\com\netflix\ribbon\ribbon-loadbalancer\2.2.4\ribbon-loadbalancer-2.2.4.jar;D:\registry\com\netflix\netflix-commons\netflix-statistics\0.1.1\netflix-statistics-0.1.1.jar;D:\registry\com\netflix\ribbon\ribbon-eureka\2.2.4\ribbon-eureka-2.2.4.jar;D:\registry\com\thoughtworks\xstream\xstream\1.4.9\xstream-1.4.9.jar;D:\registry\xmlpull\xmlpull\1.1.3.1\xmlpull-1.1.3.1.jar;D:\registry\xpp3\xpp3_min\1.1.4c\xpp3_min-1.1.4c.jar;D:\registry\de\codecentric\spring-boot-admin-server\1.5.6\spring-boot-admin-server-1.5.6.jar;D:\registry\org\springframework\boot\spring-boot-starter-web\1.5.9.RELEASE\spring-boot-starter-web-1.5.9.RELEASE.jar;D:\registry\org\springframework\boot\spring-boot-starter-tomcat\1.5.9.RELEASE\spring-boot-starter-tomcat-1.5.9.RELEASE.jar;D:\registry\org\apache\tomcat\embed\tomcat-embed-core\8.5.23\tomcat-embed-core-8.5.23.jar;D:\registry\org\apache\tomcat\tomcat-annotations-api\8.5.23\tomcat-annotations-api-8.5.23.jar;D:\registry\org\apache\tomcat\embed\tomcat-embed-el\8.5.23\tomcat-embed-el-8.5.23.jar;D:\registry\org\apache\tomcat\embed\tomcat-embed-websocket\8.5.23\tomcat-embed-websocket-8.5.23.jar;D:\registry\org\hibernate\hibernate-validator\5.3.6.Final\hibernate-validator-5.3.6.Final.jar;D:\registry\javax\validation\validation-api\1.1.0.Final\validation-api-1.1.0.Final.jar;D:\registry\org\jboss\logging\jboss-logging\3.3.1.Final\jboss-logging-3.3.1.Final.jar;D:\registry\com\fasterxml\classmate\1.3.4\classmate-1.3.4.jar;D:\registry\org\springframework\spring-web\4.3.13.RELEASE\spring-web-4.3.13.RELEASE.jar;D:\registry\org\springframework\spring-webmvc\4.3.13.RELEASE\spring-webmvc-4.3.13.RELEASE.jar;D:\registry\org\springframework\boot\spring-boot-starter-actuator\1.5.9.RELEASE\spring-boot-starter-actuator-1.5.9.RELEASE.jar;D:\registry\org\springframework\boot\spring-boot-actuator\1.5.9.RELEASE\spring-boot-actuator-1.5.9.RELEASE.jar;D:\registry\com\fasterxml\jackson\core\jackson-databind\2.8.10\jackson-databind-2.8.10.jar;D:\registry\com\fasterxml\jackson\core\jackson-annotations\2.8.0\jackson-annotations-2.8.0.jar;D:\registry\com\fasterxml\jackson\core\jackson-core\2.8.10\jackson-core-2.8.10.jar;D:\registry\com\netflix\zuul\zuul-core\1.3.0\zuul-core-1.3.0.jar;D:\registry\commons-io\commons-io\2.4\commons-io-2.4.jar;D:\registry\org\slf4j\slf4j-api\1.7.25\slf4j-api-1.7.25.jar;D:\registry\com\netflix\archaius\archaius-core\0.7.4\archaius-core-0.7.4.jar;D:\registry\com\google\code\findbugs\jsr305\3.0.1\jsr305-3.0.1.jar;D:\registry\com\netflix\servo\servo-core\0.10.1\servo-core-0.10.1.jar;D:\registry\com\netflix\servo\servo-internal\0.10.1\servo-internal-0.10.1.jar;D:\registry\com\netflix\netflix-commons\netflix-commons-util\0.1.1\netflix-commons-util-0.1.1.jar;D:\registry\com\netflix\hystrix\hystrix-core\1.5.12\hystrix-core-1.5.12.jar;D:\registry\io\reactivex\rxjava\1.2.0\rxjava-1.2.0.jar;D:\registry\org\hdrhistogram\HdrHistogram\2.1.9\HdrHistogram-2.1.9.jar;D:\registry\org\springframework\cloud\spring-cloud-netflix-core\1.4.2.RELEASE\spring-cloud-netflix-core-1.4.2.RELEASE.jar;D:\registry\org\springframework\boot\spring-boot\1.5.9.RELEASE\spring-boot-1.5.9.RELEASE.jar;D:\registry\org\springframework\boot\spring-boot-autoconfigure\1.5.9.RELEASE\spring-boot-autoconfigure-1.5.9.RELEASE.jar;D:\registry\org\springframework\cloud\spring-cloud-context\1.3.1.RELEASE\spring-cloud-context-1.3.1.RELEASE.jar;D:\registry\org\springframework\security\spring-security-crypto\4.2.3.RELEASE\spring-security-crypto-4.2.3.RELEASE.jar;D:\registry\org\springframework\cloud\spring-cloud-commons\1.3.1.RELEASE\spring-cloud-commons-1.3.1.RELEASE.jar;D:\registry\org\apache\httpcomponents\httpclient\4.5.3\httpclient-4.5.3.jar;D:\registry\org\apache\httpcomponents\httpcore\4.4.8\httpcore-4.4.8.jar;D:\registry\commons-codec\commons-codec\1.10\commons-codec-1.10.jar;D:\registry\de\codecentric\spring-boot-admin-server-ui\1.5.6\spring-boot-admin-server-ui-1.5.6.jar;D:\registry\org\springframework\boot\spring-boot-starter-mail\1.5.9.RELEASE\spring-boot-starter-mail-1.5.9.RELEASE.jar;D:\registry\org\springframework\boot\spring-boot-starter\1.5.9.RELEASE\spring-boot-starter-1.5.9.RELEASE.jar;D:\registry\org\springframework\boot\spring-boot-starter-logging\1.5.9.RELEASE\spring-boot-starter-logging-1.5.9.RELEASE.jar;D:\registry\ch\qos\logback\logback-classic\1.1.11\logback-classic-1.1.11.jar;D:\registry\ch\qos\logback\logback-core\1.1.11\logback-core-1.1.11.jar;D:\registry\org\slf4j\jcl-over-slf4j\1.7.25\jcl-over-slf4j-1.7.25.jar;D:\registry\org\slf4j\jul-to-slf4j\1.7.25\jul-to-slf4j-1.7.25.jar;D:\registry\org\slf4j\log4j-over-slf4j\1.7.25\log4j-over-slf4j-1.7.25.jar;D:\registry\org\yaml\snakeyaml\1.17\snakeyaml-1.17.jar;D:\registry\org\springframework\spring-context\4.3.13.RELEASE\spring-context-4.3.13.RELEASE.jar;D:\registry\org\springframework\spring-aop\4.3.13.RELEASE\spring-aop-4.3.13.RELEASE.jar;D:\registry\org\springframework\spring-beans\4.3.13.RELEASE\spring-beans-4.3.13.RELEASE.jar;D:\registry\org\springframework\spring-expression\4.3.13.RELEASE\spring-expression-4.3.13.RELEASE.jar;D:\registry\org\springframework\spring-context-support\4.3.13.RELEASE\spring-context-support-4.3.13.RELEASE.jar;D:\registry\com\sun\mail\javax.mail\1.5.6\javax.mail-1.5.6.jar;D:\registry\javax\activation\activation\1.1\activation-1.1.jar;D:\registry\org\springframework\boot\spring-boot-starter-test\1.5.9.RELEASE\spring-boot-starter-test-1.5.9.RELEASE.jar;D:\registry\org\springframework\boot\spring-boot-test\1.5.9.RELEASE\spring-boot-test-1.5.9.RELEASE.jar;D:\registry\org\springframework\boot\spring-boot-test-autoconfigure\1.5.9.RELEASE\spring-boot-test-autoconfigure-1.5.9.RELEASE.jar;D:\registry\com\jayway\jsonpath\json-path\2.2.0\json-path-2.2.0.jar;D:\registry\net\minidev\json-smart\2.2.1\json-smart-2.2.1.jar;D:\registry\net\minidev\accessors-smart\1.1\accessors-smart-1.1.jar;D:\registry\org\ow2\asm\asm\5.0.3\asm-5.0.3.jar;D:\registry\junit\junit\4.12\junit-4.12.jar;D:\registry\org\assertj\assertj-core\2.6.0\assertj-core-2.6.0.jar;D:\registry\org\mockito\mockito-core\1.10.19\mockito-core-1.10.19.jar;D:\registry\org\objenesis\objenesis\2.1\objenesis-2.1.jar;D:\registry\org\hamcrest\hamcrest-core\1.3\hamcrest-core-1.3.jar;D:\registry\org\hamcrest\hamcrest-library\1.3\hamcrest-library-1.3.jar;D:\registry\org\skyscreamer\jsonassert\1.4.0\jsonassert-1.4.0.jar;D:\registry\com\vaadin\external\google\android-json\0.0.20131108.vaadin1\android-json-0.0.20131108.vaadin1.jar;D:\registry\org\springframework\spring-core\4.3.13.RELEASE\spring-core-4.3.13.RELEASE.jar;D:\registry\org\springframework\spring-test\4.3.13.RELEASE\spring-test-4.3.13.RELEASE.jar;, user.name=think, java.vm.specification.version=1.8, sun.java.command=D:\Projects\spring-cloud-examples\spring-boot-admin-eureka\spring-boot-admin-server\target\surefire\surefirebooter1168767467812997099.jar D:\Projects\spring-cloud-examples\spring-boot-admin-eureka\spring-boot-admin-server\target\surefire\surefire84106420750185620tmp D:\Projects\spring-cloud-examples\spring-boot-admin-eureka\spring-boot-admin-server\target\surefire\surefire_06085209131672307160tmp, java.home=D:\soft\jdk\jre, sun.arch.data.model=64, user.language=zh, java.specification.vendor=Oracle Corporation, awt.toolkit=sun.awt.windows.WToolkit, java.vm.info=mixed mode, java.version=1.8.0_172, java.ext.dirs=D:\soft\jdk\jre\lib\ext;C:\WINDOWS\Sun\Java\lib\ext, sun.boot.class.path=D:\soft\jdk\jre\lib\resources.jar;D:\soft\jdk\jre\lib\rt.jar;D:\soft\jdk\jre\lib\sunrsasign.jar;D:\soft\jdk\jre\lib\jsse.jar;D:\soft\jdk\jre\lib\jce.jar;D:\soft\jdk\jre\lib\charsets.jar;D:\soft\jdk\jre\lib\jfr.jar;D:\soft\jdk\jre\classes, java.vendor=Oracle Corporation, localRepository=D:\registry, file.separator=\, java.vendor.url.bug=http://bugreport.sun.com/bugreport/, sun.io.unicode.encoding=UnicodeLittle, sun.cpu.endian=little, sun.desktop=windows, sun.cpu.isalist=amd64}}, SystemEnvironmentPropertySource@249155636 {name='systemEnvironment', properties={PATH=D:\soft\python2\;D:\soft\python2\Scripts;C:\Program Files\Java\jre1.8.0_172\bin;C:\Program Files\Java\jre1.8.0_172\jre\bin;C:\Program Files (x86)\Common Files\Oracle\Java\javapath;C:\Program Files (x86)\Intel\iCLS Client\;C:\Program Files\Intel\iCLS Client\;C:\Windows\system32;C:\Windows;C:\Windows\System32\Wbem;C:\Windows\System32\WindowsPowerShell\v1.0\;C:\Program Files (x86)\Intel\Intel(R) Management Engine Components\DAL;C:\Program Files\Intel\Intel(R) Management Engine Components\DAL;C:\Program Files (x86)\Intel\Intel(R) Management Engine Components\IPT;C:\Program Files\Intel\Intel(R) Management Engine Components\IPT;C:\Program Files (x86)\NVIDIA Corporation\PhysX\Common;D:\soft\apache-maven-3.5.4\bin;C:\Program Files (x86)\MySQL\MySQL Utilities 1.6\;C:\WINDOWS\system32;C:\WINDOWS;C:\WINDOWS\System32\Wbem;C:\WINDOWS\System32\WindowsPowerShell\v1.0\;C:\WINDOWS\System32\OpenSSH\;D:\soft\nodeJS\;D:\soft\Git\cmd;C:\Users\think\AppData\Local\Microsoft\WindowsApps;C:\Users\think\AppData\Roaming\npm, USERDOMAIN_ROAMINGPROFILE=DESKTOP-E9FQF3D, LOCALAPPDATA=C:\Users\think\AppData\Local, PROCESSOR_LEVEL=6, SYSTEMDRIVE=C:, COMMONPROGRAMFILES(X86)=C:\Program Files (x86)\Common Files, USERDOMAIN=DESKTOP-E9FQF3D, LOGONSERVER=\\DESKTOP-E9FQF3D, JAVA_HOME=C:\Program Files\Java\jre1.8.0_172, PROMPT=$P$G, SESSIONNAME=Console, ALLUSERSPROFILE=C:\ProgramData, PROGRAMFILES(X86)=C:\Program Files (x86), PROCESSOR_ARCHITECTURE=AMD64, DRIVERDATA=C:\Windows\System32\Drivers\DriverData, MAVEN_HOME=D:\soft\apache-maven-3.5.4, PROGRAMFILES=C:\Program Files, APPDATA=C:\Users\think\AppData\Roaming, PSMODULEPATH=C:\Program Files\WindowsPowerShell\Modules;C:\WINDOWS\system32\WindowsPowerShell\v1.0\Modules, PROGRAMW6432=C:\Program Files, PROGRAMDATA=C:\ProgramData, SYSTEMROOT=C:\WINDOWS, USERNAME=think, ONEDRIVE=C:\Users\think\OneDrive, CONFIGSETROOT=C:\WINDOWS\ConfigSetRoot, PATHEXT=.COM;.EXE;.BAT;.CMD;.VBS;.VBE;.JS;.JSE;.WSF;.WSH;.MSC, OS=Windows_NT, COMMONPROGRAMW6432=C:\Program Files\Common Files, COMPUTERNAME=DESKTOP-E9FQF3D, COMMONPROGRAMFILES=C:\Program Files\Common Files, COMSPEC=C:\WINDOWS\system32\cmd.exe, PROCESSOR_REVISION=5e03, CLASSPATH=.;C:\Program Files\Java\jre1.8.0_172\bin;C:\Program Files\Java\jre1.8.0_172\lib\dt.jar;C:\Program Files\Java\jre1.8.0_172\lib\tools.jar, WINDIR=C:\WINDOWS, =D:=D:\Projects\spring-cloud-examples\spring-boot-admin-eureka\spring-boot-admin-server, HOMEPATH=\Users\think, TEMP=C:\Users\think\AppData\Local\Temp, HOMEDRIVE=C:, PROCESSOR_IDENTIFIER=Intel64 Family 6 Model 94 Stepping 3, GenuineIntel, USERPROFILE=C:\Users\think, TMP=C:\Users\think\AppData\Local\Temp, PUBLIC=C:\Users\Public, NUMBER_OF_PROCESSORS=8, =::=::\}}]
13:06:26.970 [main] DEBUG org.springframework.core.io.support.PathMatchingResourcePatternResolver - Resolved classpath location [com/neo/] to resources [URL [file:/D:/Projects/spring-cloud-examples/spring-boot-admin-eureka/spring-boot-admin-server/target/test-classes/com/neo/], URL [file:/D:/Projects/spring-cloud-examples/spring-boot-admin-eureka/spring-boot-admin-server/target/classes/com/neo/]]
13:06:26.971 [main] DEBUG org.springframework.core.io.support.PathMatchingResourcePatternResolver - Looking for matching resources in directory tree [D:\Projects\spring-cloud-examples\spring-boot-admin-eureka\spring-boot-admin-server\target\test-classes\com\neo]
13:06:26.972 [main] DEBUG org.springframework.core.io.support.PathMatchingResourcePatternResolver - Searching directory [D:\Projects\spring-cloud-examples\spring-boot-admin-eureka\spring-boot-admin-server\target\test-classes\com\neo] for files matching pattern [D:/Projects/spring-cloud-examples/spring-boot-admin-eureka/spring-boot-admin-server/target/test-classes/com/neo/*.class]
13:06:26.975 [main] DEBUG org.springframework.core.io.support.PathMatchingResourcePatternResolver - Looking for matching resources in directory tree [D:\Projects\spring-cloud-examples\spring-boot-admin-eureka\spring-boot-admin-server\target\classes\com\neo]
13:06:26.976 [main] DEBUG org.springframework.core.io.support.PathMatchingResourcePatternResolver - Searching directory [D:\Projects\spring-cloud-examples\spring-boot-admin-eureka\spring-boot-admin-server\target\classes\com\neo] for files matching pattern [D:/Projects/spring-cloud-examples/spring-boot-admin-eureka/spring-boot-admin-server/target/classes/com/neo/*.class]
13:06:26.976 [main] DEBUG org.springframework.core.io.support.PathMatchingResourcePatternResolver - Resolved location pattern [classpath*:com/neo/*.class] to resources [file [D:\Projects\spring-cloud-examples\spring-boot-admin-eureka\spring-boot-admin-server\target\test-classes\com\neo\AdminServerApplicationTests.class], file [D:\Projects\spring-cloud-examples\spring-boot-admin-eureka\spring-boot-admin-server\target\classes\com\neo\AdminServerApplication.class]]
13:06:27.024 [main] DEBUG org.springframework.core.io.support.PathMatchingResourcePatternResolver - Resolved classpath location [com/] to resources [URL [file:/D:/Projects/spring-cloud-examples/spring-boot-admin-eureka/spring-boot-admin-server/target/test-classes/com/], URL [file:/D:/Projects/spring-cloud-examples/spring-boot-admin-eureka/spring-boot-admin-server/target/classes/com/], URL [jar:file:/D:/registry/com/netflix/eureka/eureka-client/1.7.0/eureka-client-1.7.0.jar!/com/], URL [jar:file:/D:/registry/com/netflix/netflix-commons/netflix-eventbus/0.3.0/netflix-eventbus-0.3.0.jar!/com/], URL [jar:file:/D:/registry/com/netflix/netflix-commons/netflix-infix/0.3.0/netflix-infix-0.3.0.jar!/com/], URL [jar:file:/D:/registry/com/google/code/gson/gson/2.8.2/gson-2.8.2.jar!/com/], URL [jar:file:/D:/registry/com/sun/jersey/jersey-core/1.19.1/jersey-core-1.19.1.jar!/com/], URL [jar:file:/D:/registry/com/sun/jersey/jersey-client/1.19.1/jersey-client-1.19.1.jar!/com/], URL [jar:file:/D:/registry/com/sun/jersey/contribs/jersey-apache-client4/1.19.1/jersey-apache-client4-1.19.1.jar!/com/], URL [jar:file:/D:/registry/com/google/inject/guice/4.1.0/guice-4.1.0.jar!/com/], URL [jar:file:/D:/registry/com/netflix/eureka/eureka-core/1.7.0/eureka-core-1.7.0.jar!/com/], URL [jar:file:/D:/registry/org/codehaus/woodstox/woodstox-core-asl/4.4.1/woodstox-core-asl-4.4.1.jar!/com/], URL [jar:file:/D:/registry/com/google/guava/guava/18.0/guava-18.0.jar!/com/], URL [jar:file:/D:/registry/com/netflix/ribbon/ribbon/2.2.4/ribbon-2.2.4.jar!/com/], URL [jar:file:/D:/registry/com/netflix/ribbon/ribbon-transport/2.2.4/ribbon-transport-2.2.4.jar!/com/], URL [jar:file:/D:/registry/io/reactivex/rxnetty-contexts/0.4.9/rxnetty-contexts-0.4.9.jar!/com/], URL [jar:file:/D:/registry/com/netflix/ribbon/ribbon-core/2.2.4/ribbon-core-2.2.4.jar!/com/], URL [jar:file:/D:/registry/com/netflix/ribbon/ribbon-httpclient/2.2.4/ribbon-httpclient-2.2.4.jar!/com/], URL [jar:file:/D:/registry/com/netflix/ribbon/ribbon-loadbalancer/2.2.4/ribbon-loadbalancer-2.2.4.jar!/com/], URL [jar:file:/D:/registry/com/netflix/netflix-commons/netflix-statistics/0.1.1/netflix-statistics-0.1.1.jar!/com/], URL [jar:file:/D:/registry/com/netflix/ribbon/ribbon-eureka/2.2.4/ribbon-eureka-2.2.4.jar!/com/], URL [jar:file:/D:/registry/com/thoughtworks/xstream/xstream/1.4.9/xstream-1.4.9.jar!/com/], URL [jar:file:/D:/registry/com/fasterxml/classmate/1.3.4/classmate-1.3.4.jar!/com/], URL [jar:file:/D:/registry/com/fasterxml/jackson/core/jackson-databind/2.8.10/jackson-databind-2.8.10.jar!/com/], URL [jar:file:/D:/registry/com/fasterxml/jackson/core/jackson-annotations/2.8.0/jackson-annotations-2.8.0.jar!/com/], URL [jar:file:/D:/registry/com/fasterxml/jackson/core/jackson-core/2.8.10/jackson-core-2.8.10.jar!/com/], URL [jar:file:/D:/registry/com/netflix/zuul/zuul-core/1.3.0/zuul-core-1.3.0.jar!/com/], URL [jar:file:/D:/registry/com/netflix/archaius/archaius-core/0.7.4/archaius-core-0.7.4.jar!/com/], URL [jar:file:/D:/registry/com/netflix/servo/servo-core/0.10.1/servo-core-0.10.1.jar!/com/], URL [jar:file:/D:/registry/com/netflix/servo/servo-internal/0.10.1/servo-internal-0.10.1.jar!/com/], URL [jar:file:/D:/registry/com/netflix/netflix-commons/netflix-commons-util/0.1.1/netflix-commons-util-0.1.1.jar!/com/], URL [jar:file:/D:/registry/com/netflix/hystrix/hystrix-core/1.5.12/hystrix-core-1.5.12.jar!/com/], URL [jar:file:/D:/registry/com/sun/mail/javax.mail/1.5.6/javax.mail-1.5.6.jar!/com/], URL [jar:file:/D:/registry/javax/activation/activation/1.1/activation-1.1.jar!/com/], URL [jar:file:/D:/registry/com/jayway/jsonpath/json-path/2.2.0/json-path-2.2.0.jar!/com/]]
13:06:27.024 [main] DEBUG org.springframework.core.io.support.PathMatchingResourcePatternResolver - Looking for matching resources in directory tree [D:\Projects\spring-cloud-examples\spring-boot-admin-eureka\spring-boot-admin-server\target\test-classes\com]
13:06:27.024 [main] DEBUG org.springframework.core.io.support.PathMatchingResourcePatternResolver - Searching directory [D:\Projects\spring-cloud-examples\spring-boot-admin-eureka\spring-boot-admin-server\target\test-classes\com] for files matching pattern [D:/Projects/spring-cloud-examples/spring-boot-admin-eureka/spring-boot-admin-server/target/test-classes/com/*.class]
13:06:27.025 [main] DEBUG org.springframework.core.io.support.PathMatchingResourcePatternResolver - Looking for matching resources in directory tree [D:\Projects\spring-cloud-examples\spring-boot-admin-eureka\spring-boot-admin-server\target\classes\com]
13:06:27.026 [main] DEBUG org.springframework.core.io.support.PathMatchingResourcePatternResolver - Searching directory [D:\Projects\spring-cloud-examples\spring-boot-admin-eureka\spring-boot-admin-server\target\classes\com] for files matching pattern [D:/Projects/spring-cloud-examples/spring-boot-admin-eureka/spring-boot-admin-server/target/classes/com/*.class]
13:06:27.027 [main] DEBUG org.springframework.core.io.support.PathMatchingResourcePatternResolver - Looking for matching resources in jar file [file:/D:/registry/com/netflix/eureka/eureka-client/1.7.0/eureka-client-1.7.0.jar]
13:06:27.033 [main] DEBUG org.springframework.core.io.support.PathMatchingResourcePatternResolver - Looking for matching resources in jar file [file:/D:/registry/com/netflix/netflix-commons/netflix-eventbus/0.3.0/netflix-eventbus-0.3.0.jar]
13:06:27.034 [main] DEBUG org.springframework.core.io.support.PathMatchingResourcePatternResolver - Looking for matching resources in jar file [file:/D:/registry/com/netflix/netflix-commons/netflix-infix/0.3.0/netflix-infix-0.3.0.jar]
13:06:27.035 [main] DEBUG org.springframework.core.io.support.PathMatchingResourcePatternResolver - Looking for matching resources in jar file [file:/D:/registry/com/google/code/gson/gson/2.8.2/gson-2.8.2.jar]
13:06:27.044 [main] DEBUG org.springframework.core.io.support.PathMatchingResourcePatternResolver - Looking for matching resources in jar file [file:/D:/registry/com/sun/jersey/jersey-core/1.19.1/jersey-core-1.19.1.jar]
13:06:27.046 [main] DEBUG org.springframework.core.io.support.PathMatchingResourcePatternResolver - Looking for matching resources in jar file [file:/D:/registry/com/sun/jersey/jersey-client/1.19.1/jersey-client-1.19.1.jar]
13:06:27.047 [main] DEBUG org.springframework.core.io.support.PathMatchingResourcePatternResolver - Looking for matching resources in jar file [file:/D:/registry/com/sun/jersey/contribs/jersey-apache-client4/1.19.1/jersey-apache-client4-1.19.1.jar]
13:06:27.048 [main] DEBUG org.springframework.core.io.support.PathMatchingResourcePatternResolver - Looking for matching resources in jar file [file:/D:/registry/com/google/inject/guice/4.1.0/guice-4.1.0.jar]
13:06:27.050 [main] DEBUG org.springframework.core.io.support.PathMatchingResourcePatternResolver - Looking for matching resources in jar file [file:/D:/registry/com/netflix/eureka/eureka-core/1.7.0/eureka-core-1.7.0.jar]
13:06:27.050 [main] DEBUG org.springframework.core.io.support.PathMatchingResourcePatternResolver - Looking for matching resources in jar file [file:/D:/registry/org/codehaus/woodstox/woodstox-core-asl/4.4.1/woodstox-core-asl-4.4.1.jar]
13:06:27.051 [main] DEBUG org.springframework.core.io.support.PathMatchingResourcePatternResolver - Looking for matching resources in jar file [file:/D:/registry/com/google/guava/guava/18.0/guava-18.0.jar]
13:06:27.056 [main] DEBUG org.springframework.core.io.support.PathMatchingResourcePatternResolver - Looking for matching resources in jar file [file:/D:/registry/com/netflix/ribbon/ribbon/2.2.4/ribbon-2.2.4.jar]
13:06:27.057 [main] DEBUG org.springframework.core.io.support.PathMatchingResourcePatternResolver - Looking for matching resources in jar file [file:/D:/registry/com/netflix/ribbon/ribbon-transport/2.2.4/ribbon-transport-2.2.4.jar]
13:06:27.057 [main] DEBUG org.springframework.core.io.support.PathMatchingResourcePatternResolver - Looking for matching resources in jar file [file:/D:/registry/io/reactivex/rxnetty-contexts/0.4.9/rxnetty-contexts-0.4.9.jar]
13:06:27.058 [main] DEBUG org.springframework.core.io.support.PathMatchingResourcePatternResolver - Looking for matching resources in jar file [file:/D:/registry/com/netflix/ribbon/ribbon-core/2.2.4/ribbon-core-2.2.4.jar]
13:06:27.058 [main] DEBUG org.springframework.core.io.support.PathMatchingResourcePatternResolver - Looking for matching resources in jar file [file:/D:/registry/com/netflix/ribbon/ribbon-httpclient/2.2.4/ribbon-httpclient-2.2.4.jar]
13:06:27.058 [main] DEBUG org.springframework.core.io.support.PathMatchingResourcePatternResolver - Looking for matching resources in jar file [file:/D:/registry/com/netflix/ribbon/ribbon-loadbalancer/2.2.4/ribbon-loadbalancer-2.2.4.jar]
13:06:27.059 [main] DEBUG org.springframework.core.io.support.PathMatchingResourcePatternResolver - Looking for matching resources in jar file [file:/D:/registry/com/netflix/netflix-commons/netflix-statistics/0.1.1/netflix-statistics-0.1.1.jar]
13:06:27.060 [main] DEBUG org.springframework.core.io.support.PathMatchingResourcePatternResolver - Looking for matching resources in jar file [file:/D:/registry/com/netflix/ribbon/ribbon-eureka/2.2.4/ribbon-eureka-2.2.4.jar]
13:06:27.060 [main] DEBUG org.springframework.core.io.support.PathMatchingResourcePatternResolver - Looking for matching resources in jar file [file:/D:/registry/com/thoughtworks/xstream/xstream/1.4.9/xstream-1.4.9.jar]
13:06:27.062 [main] DEBUG org.springframework.core.io.support.PathMatchingResourcePatternResolver - Looking for matching resources in jar file [file:/D:/registry/com/fasterxml/classmate/1.3.4/classmate-1.3.4.jar]
13:06:27.062 [main] DEBUG org.springframework.core.io.support.PathMatchingResourcePatternResolver - Looking for matching resources in jar file [file:/D:/registry/com/fasterxml/jackson/core/jackson-databind/2.8.10/jackson-databind-2.8.10.jar]
13:06:27.065 [main] DEBUG org.springframework.core.io.support.PathMatchingResourcePatternResolver - Looking for matching resources in jar file [file:/D:/registry/com/fasterxml/jackson/core/jackson-annotations/2.8.0/jackson-annotations-2.8.0.jar]
13:06:27.065 [main] DEBUG org.springframework.core.io.support.PathMatchingResourcePatternResolver - Looking for matching resources in jar file [file:/D:/registry/com/fasterxml/jackson/core/jackson-core/2.8.10/jackson-core-2.8.10.jar]
13:06:27.066 [main] DEBUG org.springframework.core.io.support.PathMatchingResourcePatternResolver - Looking for matching resources in jar file [file:/D:/registry/com/netflix/zuul/zuul-core/1.3.0/zuul-core-1.3.0.jar]
13:06:27.066 [main] DEBUG org.springframework.core.io.support.PathMatchingResourcePatternResolver - Looking for matching resources in jar file [file:/D:/registry/com/netflix/archaius/archaius-core/0.7.4/archaius-core-0.7.4.jar]
13:06:27.067 [main] DEBUG org.springframework.core.io.support.PathMatchingResourcePatternResolver - Looking for matching resources in jar file [file:/D:/registry/com/netflix/servo/servo-core/0.10.1/servo-core-0.10.1.jar]
13:06:27.068 [main] DEBUG org.springframework.core.io.support.PathMatchingResourcePatternResolver - Looking for matching resources in jar file [file:/D:/registry/com/netflix/servo/servo-internal/0.10.1/servo-internal-0.10.1.jar]
13:06:27.069 [main] DEBUG org.springframework.core.io.support.PathMatchingResourcePatternResolver - Looking for matching resources in jar file [file:/D:/registry/com/netflix/netflix-commons/netflix-commons-util/0.1.1/netflix-commons-util-0.1.1.jar]
13:06:27.069 [main] DEBUG org.springframework.core.io.support.PathMatchingResourcePatternResolver - Looking for matching resources in jar file [file:/D:/registry/com/netflix/hystrix/hystrix-core/1.5.12/hystrix-core-1.5.12.jar]
13:06:27.070 [main] DEBUG org.springframework.core.io.support.PathMatchingResourcePatternResolver - Looking for matching resources in jar file [file:/D:/registry/com/sun/mail/javax.mail/1.5.6/javax.mail-1.5.6.jar]
13:06:27.071 [main] DEBUG org.springframework.core.io.support.PathMatchingResourcePatternResolver - Looking for matching resources in jar file [file:/D:/registry/javax/activation/activation/1.1/activation-1.1.jar]
13:06:27.071 [main] DEBUG org.springframework.core.io.support.PathMatchingResourcePatternResolver - Looking for matching resources in jar file [file:/D:/registry/com/jayway/jsonpath/json-path/2.2.0/json-path-2.2.0.jar]
13:06:27.072 [main] DEBUG org.springframework.core.io.support.PathMatchingResourcePatternResolver - Resolved location pattern [classpath*:com/*.class] to resources []
13:06:27.076 [main] DEBUG org.springframework.test.context.junit4.SpringJUnit4ClassRunner - SpringJUnit4ClassRunner constructor called with [class com.neo.AdminServerApplicationTests]
13:06:27.076 [main] DEBUG org.springframework.test.context.BootstrapUtils - Instantiating CacheAwareContextLoaderDelegate from class [org.springframework.test.context.cache.DefaultCacheAwareContextLoaderDelegate]
13:06:27.077 [main] DEBUG org.springframework.test.context.BootstrapUtils - Instantiating BootstrapContext using constructor [public org.springframework.test.context.support.DefaultBootstrapContext(java.lang.Class,org.springframework.test.context.CacheAwareContextLoaderDelegate)]
13:06:27.077 [main] DEBUG org.springframework.test.context.BootstrapUtils - Instantiating TestContextBootstrapper for test class [com.neo.AdminServerApplicationTests] from class [org.springframework.boot.test.context.SpringBootTestContextBootstrapper]
13:06:27.078 [main] INFO org.springframework.boot.test.context.SpringBootTestContextBootstrapper - Neither @ContextConfiguration nor @ContextHierarchy found for test class [com.neo.AdminServerApplicationTests], using SpringBootContextLoader
13:06:27.079 [main] DEBUG org.springframework.test.context.support.AbstractContextLoader - Did not detect default resource location for test class [com.neo.AdminServerApplicationTests]: class path resource [com/neo/AdminServerApplicationTests-context.xml] does not exist
13:06:27.079 [main] DEBUG org.springframework.test.context.support.AbstractContextLoader - Did not detect default resource location for test class [com.neo.AdminServerApplicationTests]: class path resource [com/neo/AdminServerApplicationTestsContext.groovy] does not exist
13:06:27.079 [main] INFO org.springframework.test.context.support.AbstractContextLoader - Could not detect default resource locations for test class [com.neo.AdminServerApplicationTests]: no resource found for suffixes {-context.xml, Context.groovy}.
13:06:27.080 [main] INFO org.springframework.test.context.support.AnnotationConfigContextLoaderUtils - Could not detect default configuration classes for test class [com.neo.AdminServerApplicationTests]: AdminServerApplicationTests does not declare any static, non-private, non-final, nested classes annotated with @Configuration.
13:06:27.087 [main] DEBUG org.springframework.test.context.support.ActiveProfilesUtils - Could not find an 'annotation declaring class' for annotation type [org.springframework.test.context.ActiveProfiles] and class [com.neo.AdminServerApplicationTests]
13:06:27.087 [main] DEBUG org.springframework.core.env.StandardEnvironment - Adding PropertySource 'systemProperties' with lowest search precedence
13:06:27.087 [main] DEBUG org.springframework.core.env.StandardEnvironment - Adding PropertySource 'systemEnvironment' with lowest search precedence
13:06:27.088 [main] DEBUG org.springframework.core.env.StandardEnvironment - Initialized StandardEnvironment with PropertySources [MapPropertySource@1906808037 {name='systemProperties', properties={idea.version=2018.2.5, java.runtime.name=Java(TM) SE Runtime Environment, sun.boot.library.path=D:\soft\jdk\jre\bin, java.vm.version=25.172-b11, java.vm.vendor=Oracle Corporation, java.vendor.url=http://java.oracle.com/, path.separator=;, java.vm.name=Java HotSpot(TM) 64-Bit Server VM, file.encoding.pkg=sun.io, user.country=CN, user.script=, sun.java.launcher=SUN_STANDARD, sun.os.patch.level=, java.vm.specification.name=Java Virtual Machine Specification, user.dir=D:\Projects\spring-cloud-examples\spring-boot-admin-eureka\spring-boot-admin-server, java.runtime.version=1.8.0_172-b11, basedir=D:\Projects\spring-cloud-examples\spring-boot-admin-eureka\spring-boot-admin-server, java.awt.graphicsenv=sun.awt.Win32GraphicsEnvironment, java.endorsed.dirs=D:\soft\jdk\jre\lib\endorsed, os.arch=amd64, surefire.real.class.path=D:\Projects\spring-cloud-examples\spring-boot-admin-eureka\spring-boot-admin-server\target\surefire\surefirebooter1168767467812997099.jar, java.io.tmpdir=C:\Users\think\AppData\Local\Temp\, line.separator=
, java.vm.specification.vendor=Oracle Corporation, user.variant=, os.name=Windows 10, sun.jnu.encoding=GBK, java.library.path=D:\soft\jdk\jre\bin;C:\WINDOWS\Sun\Java\bin;C:\WINDOWS\system32;C:\WINDOWS;D:\soft\python2\;D:\soft\python2\Scripts;C:\Program Files\Java\jre1.8.0_172\bin;C:\Program Files\Java\jre1.8.0_172\jre\bin;C:\Program Files (x86)\Common Files\Oracle\Java\javapath;C:\Program Files (x86)\Intel\iCLS Client\;C:\Program Files\Intel\iCLS Client\;C:\Windows\system32;C:\Windows;C:\Windows\System32\Wbem;C:\Windows\System32\WindowsPowerShell\v1.0\;C:\Program Files (x86)\Intel\Intel(R) Management Engine Components\DAL;C:\Program Files\Intel\Intel(R) Management Engine Components\DAL;C:\Program Files (x86)\Intel\Intel(R) Management Engine Components\IPT;C:\Program Files\Intel\Intel(R) Management Engine Components\IPT;C:\Program Files (x86)\NVIDIA Corporation\PhysX\Common;D:\soft\apache-maven-3.5.4\bin;C:\Program Files (x86)\MySQL\MySQL Utilities 1.6\;C:\WINDOWS\system32;C:\WINDOWS;C:\WINDOWS\System32\Wbem;C:\WINDOWS\System32\WindowsPowerShell\v1.0\;C:\WINDOWS\System32\OpenSSH\;D:\soft\nodeJS\;D:\soft\Git\cmd;C:\Users\think\AppData\Local\Microsoft\WindowsApps;C:\Users\think\AppData\Roaming\npm;., surefire.test.class.path=D:\Projects\spring-cloud-examples\spring-boot-admin-eureka\spring-boot-admin-server\target\test-classes;D:\Projects\spring-cloud-examples\spring-boot-admin-eureka\spring-boot-admin-server\target\classes;D:\registry\org\springframework\cloud\spring-cloud-starter-eureka\1.4.2.RELEASE\spring-cloud-starter-eureka-1.4.2.RELEASE.jar;D:\registry\org\springframework\cloud\spring-cloud-starter-netflix-eureka-client\1.4.2.RELEASE\spring-cloud-starter-netflix-eureka-client-1.4.2.RELEASE.jar;D:\registry\org\springframework\cloud\spring-cloud-starter\1.3.1.RELEASE\spring-cloud-starter-1.3.1.RELEASE.jar;D:\registry\org\springframework\security\spring-security-rsa\1.0.3.RELEASE\spring-security-rsa-1.0.3.RELEASE.jar;D:\registry\org\bouncycastle\bcpkix-jdk15on\1.55\bcpkix-jdk15on-1.55.jar;D:\registry\org\bouncycastle\bcprov-jdk15on\1.55\bcprov-jdk15on-1.55.jar;D:\registry\org\springframework\cloud\spring-cloud-netflix-eureka-client\1.4.2.RELEASE\spring-cloud-netflix-eureka-client-1.4.2.RELEASE.jar;D:\registry\com\netflix\eureka\eureka-client\1.7.0\eureka-client-1.7.0.jar;D:\registry\org\codehaus\jettison\jettison\1.3.7\jettison-1.3.7.jar;D:\registry\stax\stax-api\1.0.1\stax-api-1.0.1.jar;D:\registry\com\netflix\netflix-commons\netflix-eventbus\0.3.0\netflix-eventbus-0.3.0.jar;D:\registry\com\netflix\netflix-commons\netflix-infix\0.3.0\netflix-infix-0.3.0.jar;D:\registry\commons-jxpath\commons-jxpath\1.3\commons-jxpath-1.3.jar;D:\registry\joda-time\joda-time\2.9.9\joda-time-2.9.9.jar;D:\registry\org\antlr\antlr-runtime\3.4\antlr-runtime-3.4.jar;D:\registry\org\antlr\stringtemplate\3.2.1\stringtemplate-3.2.1.jar;D:\registry\antlr\antlr\2.7.7\antlr-2.7.7.jar;D:\registry\com\google\code\gson\gson\2.8.2\gson-2.8.2.jar;D:\registry\org\apache\commons\commons-math\2.2\commons-math-2.2.jar;D:\registry\javax\ws\rs\jsr311-api\1.1.1\jsr311-api-1.1.1.jar;D:\registry\com\sun\jersey\jersey-core\1.19.1\jersey-core-1.19.1.jar;D:\registry\com\sun\jersey\jersey-client\1.19.1\jersey-client-1.19.1.jar;D:\registry\com\sun\jersey\contribs\jersey-apache-client4\1.19.1\jersey-apache-client4-1.19.1.jar;D:\registry\com\google\inject\guice\4.1.0\guice-4.1.0.jar;D:\registry\javax\inject\javax.inject\1\javax.inject-1.jar;D:\registry\aopalliance\aopalliance\1.0\aopalliance-1.0.jar;D:\registry\com\netflix\eureka\eureka-core\1.7.0\eureka-core-1.7.0.jar;D:\registry\org\codehaus\woodstox\woodstox-core-asl\4.4.1\woodstox-core-asl-4.4.1.jar;D:\registry\javax\xml\stream\stax-api\1.0-2\stax-api-1.0-2.jar;D:\registry\org\codehaus\woodstox\stax2-api\3.1.4\stax2-api-3.1.4.jar;D:\registry\org\springframework\cloud\spring-cloud-starter-netflix-archaius\1.4.2.RELEASE\spring-cloud-starter-netflix-archaius-1.4.2.RELEASE.jar;D:\registry\commons-configuration\commons-configuration\1.8\commons-configuration-1.8.jar;D:\registry\commons-lang\commons-lang\2.6\commons-lang-2.6.jar;D:\registry\com\google\guava\guava\18.0\guava-18.0.jar;D:\registry\org\springframework\cloud\spring-cloud-starter-netflix-ribbon\1.4.2.RELEASE\spring-cloud-starter-netflix-ribbon-1.4.2.RELEASE.jar;D:\registry\com\netflix\ribbon\ribbon\2.2.4\ribbon-2.2.4.jar;D:\registry\com\netflix\ribbon\ribbon-transport\2.2.4\ribbon-transport-2.2.4.jar;D:\registry\io\reactivex\rxnetty-contexts\0.4.9\rxnetty-contexts-0.4.9.jar;D:\registry\io\reactivex\rxnetty-servo\0.4.9\rxnetty-servo-0.4.9.jar;D:\registry\io\reactivex\rxnetty\0.4.9\rxnetty-0.4.9.jar;D:\registry\io\netty\netty-codec-http\4.0.27.Final\netty-codec-http-4.0.27.Final.jar;D:\registry\io\netty\netty-codec\4.0.27.Final\netty-codec-4.0.27.Final.jar;D:\registry\io\netty\netty-handler\4.0.27.Final\netty-handler-4.0.27.Final.jar;D:\registry\io\netty\netty-transport-native-epoll\4.0.27.Final\netty-transport-native-epoll-4.0.27.Final.jar;D:\registry\io\netty\netty-common\4.0.27.Final\netty-common-4.0.27.Final.jar;D:\registry\io\netty\netty-buffer\4.0.27.Final\netty-buffer-4.0.27.Final.jar;D:\registry\io\netty\netty-transport\4.0.27.Final\netty-transport-4.0.27.Final.jar;D:\registry\com\netflix\ribbon\ribbon-core\2.2.4\ribbon-core-2.2.4.jar;D:\registry\com\netflix\ribbon\ribbon-httpclient\2.2.4\ribbon-httpclient-2.2.4.jar;D:\registry\commons-collections\commons-collections\3.2.2\commons-collections-3.2.2.jar;D:\registry\com\netflix\ribbon\ribbon-loadbalancer\2.2.4\ribbon-loadbalancer-2.2.4.jar;D:\registry\com\netflix\netflix-commons\netflix-statistics\0.1.1\netflix-statistics-0.1.1.jar;D:\registry\com\netflix\ribbon\ribbon-eureka\2.2.4\ribbon-eureka-2.2.4.jar;D:\registry\com\thoughtworks\xstream\xstream\1.4.9\xstream-1.4.9.jar;D:\registry\xmlpull\xmlpull\1.1.3.1\xmlpull-1.1.3.1.jar;D:\registry\xpp3\xpp3_min\1.1.4c\xpp3_min-1.1.4c.jar;D:\registry\de\codecentric\spring-boot-admin-server\1.5.6\spring-boot-admin-server-1.5.6.jar;D:\registry\org\springframework\boot\spring-boot-starter-web\1.5.9.RELEASE\spring-boot-starter-web-1.5.9.RELEASE.jar;D:\registry\org\springframework\boot\spring-boot-starter-tomcat\1.5.9.RELEASE\spring-boot-starter-tomcat-1.5.9.RELEASE.jar;D:\registry\org\apache\tomcat\embed\tomcat-embed-core\8.5.23\tomcat-embed-core-8.5.23.jar;D:\registry\org\apache\tomcat\tomcat-annotations-api\8.5.23\tomcat-annotations-api-8.5.23.jar;D:\registry\org\apache\tomcat\embed\tomcat-embed-el\8.5.23\tomcat-embed-el-8.5.23.jar;D:\registry\org\apache\tomcat\embed\tomcat-embed-websocket\8.5.23\tomcat-embed-websocket-8.5.23.jar;D:\registry\org\hibernate\hibernate-validator\5.3.6.Final\hibernate-validator-5.3.6.Final.jar;D:\registry\javax\validation\validation-api\1.1.0.Final\validation-api-1.1.0.Final.jar;D:\registry\org\jboss\logging\jboss-logging\3.3.1.Final\jboss-logging-3.3.1.Final.jar;D:\registry\com\fasterxml\classmate\1.3.4\classmate-1.3.4.jar;D:\registry\org\springframework\spring-web\4.3.13.RELEASE\spring-web-4.3.13.RELEASE.jar;D:\registry\org\springframework\spring-webmvc\4.3.13.RELEASE\spring-webmvc-4.3.13.RELEASE.jar;D:\registry\org\springframework\boot\spring-boot-starter-actuator\1.5.9.RELEASE\spring-boot-starter-actuator-1.5.9.RELEASE.jar;D:\registry\org\springframework\boot\spring-boot-actuator\1.5.9.RELEASE\spring-boot-actuator-1.5.9.RELEASE.jar;D:\registry\com\fasterxml\jackson\core\jackson-databind\2.8.10\jackson-databind-2.8.10.jar;D:\registry\com\fasterxml\jackson\core\jackson-annotations\2.8.0\jackson-annotations-2.8.0.jar;D:\registry\com\fasterxml\jackson\core\jackson-core\2.8.10\jackson-core-2.8.10.jar;D:\registry\com\netflix\zuul\zuul-core\1.3.0\zuul-core-1.3.0.jar;D:\registry\commons-io\commons-io\2.4\commons-io-2.4.jar;D:\registry\org\slf4j\slf4j-api\1.7.25\slf4j-api-1.7.25.jar;D:\registry\com\netflix\archaius\archaius-core\0.7.4\archaius-core-0.7.4.jar;D:\registry\com\google\code\findbugs\jsr305\3.0.1\jsr305-3.0.1.jar;D:\registry\com\netflix\servo\servo-core\0.10.1\servo-core-0.10.1.jar;D:\registry\com\netflix\servo\servo-internal\0.10.1\servo-internal-0.10.1.jar;D:\registry\com\netflix\netflix-commons\netflix-commons-util\0.1.1\netflix-commons-util-0.1.1.jar;D:\registry\com\netflix\hystrix\hystrix-core\1.5.12\hystrix-core-1.5.12.jar;D:\registry\io\reactivex\rxjava\1.2.0\rxjava-1.2.0.jar;D:\registry\org\hdrhistogram\HdrHistogram\2.1.9\HdrHistogram-2.1.9.jar;D:\registry\org\springframework\cloud\spring-cloud-netflix-core\1.4.2.RELEASE\spring-cloud-netflix-core-1.4.2.RELEASE.jar;D:\registry\org\springframework\boot\spring-boot\1.5.9.RELEASE\spring-boot-1.5.9.RELEASE.jar;D:\registry\org\springframework\boot\spring-boot-autoconfigure\1.5.9.RELEASE\spring-boot-autoconfigure-1.5.9.RELEASE.jar;D:\registry\org\springframework\cloud\spring-cloud-context\1.3.1.RELEASE\spring-cloud-context-1.3.1.RELEASE.jar;D:\registry\org\springframework\security\spring-security-crypto\4.2.3.RELEASE\spring-security-crypto-4.2.3.RELEASE.jar;D:\registry\org\springframework\cloud\spring-cloud-commons\1.3.1.RELEASE\spring-cloud-commons-1.3.1.RELEASE.jar;D:\registry\org\apache\httpcomponents\httpclient\4.5.3\httpclient-4.5.3.jar;D:\registry\org\apache\httpcomponents\httpcore\4.4.8\httpcore-4.4.8.jar;D:\registry\commons-codec\commons-codec\1.10\commons-codec-1.10.jar;D:\registry\de\codecentric\spring-boot-admin-server-ui\1.5.6\spring-boot-admin-server-ui-1.5.6.jar;D:\registry\org\springframework\boot\spring-boot-starter-mail\1.5.9.RELEASE\spring-boot-starter-mail-1.5.9.RELEASE.jar;D:\registry\org\springframework\boot\spring-boot-starter\1.5.9.RELEASE\spring-boot-starter-1.5.9.RELEASE.jar;D:\registry\org\springframework\boot\spring-boot-starter-logging\1.5.9.RELEASE\spring-boot-starter-logging-1.5.9.RELEASE.jar;D:\registry\ch\qos\logback\logback-classic\1.1.11\logback-classic-1.1.11.jar;D:\registry\ch\qos\logback\logback-core\1.1.11\logback-core-1.1.11.jar;D:\registry\org\slf4j\jcl-over-slf4j\1.7.25\jcl-over-slf4j-1.7.25.jar;D:\registry\org\slf4j\jul-to-slf4j\1.7.25\jul-to-slf4j-1.7.25.jar;D:\registry\org\slf4j\log4j-over-slf4j\1.7.25\log4j-over-slf4j-1.7.25.jar;D:\registry\org\yaml\snakeyaml\1.17\snakeyaml-1.17.jar;D:\registry\org\springframework\spring-context\4.3.13.RELEASE\spring-context-4.3.13.RELEASE.jar;D:\registry\org\springframework\spring-aop\4.3.13.RELEASE\spring-aop-4.3.13.RELEASE.jar;D:\registry\org\springframework\spring-beans\4.3.13.RELEASE\spring-beans-4.3.13.RELEASE.jar;D:\registry\org\springframework\spring-expression\4.3.13.RELEASE\spring-expression-4.3.13.RELEASE.jar;D:\registry\org\springframework\spring-context-support\4.3.13.RELEASE\spring-context-support-4.3.13.RELEASE.jar;D:\registry\com\sun\mail\javax.mail\1.5.6\javax.mail-1.5.6.jar;D:\registry\javax\activation\activation\1.1\activation-1.1.jar;D:\registry\org\springframework\boot\spring-boot-starter-test\1.5.9.RELEASE\spring-boot-starter-test-1.5.9.RELEASE.jar;D:\registry\org\springframework\boot\spring-boot-test\1.5.9.RELEASE\spring-boot-test-1.5.9.RELEASE.jar;D:\registry\org\springframework\boot\spring-boot-test-autoconfigure\1.5.9.RELEASE\spring-boot-test-autoconfigure-1.5.9.RELEASE.jar;D:\registry\com\jayway\jsonpath\json-path\2.2.0\json-path-2.2.0.jar;D:\registry\net\minidev\json-smart\2.2.1\json-smart-2.2.1.jar;D:\registry\net\minidev\accessors-smart\1.1\accessors-smart-1.1.jar;D:\registry\org\ow2\asm\asm\5.0.3\asm-5.0.3.jar;D:\registry\junit\junit\4.12\junit-4.12.jar;D:\registry\org\assertj\assertj-core\2.6.0\assertj-core-2.6.0.jar;D:\registry\org\mockito\mockito-core\1.10.19\mockito-core-1.10.19.jar;D:\registry\org\objenesis\objenesis\2.1\objenesis-2.1.jar;D:\registry\org\hamcrest\hamcrest-core\1.3\hamcrest-core-1.3.jar;D:\registry\org\hamcrest\hamcrest-library\1.3\hamcrest-library-1.3.jar;D:\registry\org\skyscreamer\jsonassert\1.4.0\jsonassert-1.4.0.jar;D:\registry\com\vaadin\external\google\android-json\0.0.20131108.vaadin1\android-json-0.0.20131108.vaadin1.jar;D:\registry\org\springframework\spring-core\4.3.13.RELEASE\spring-core-4.3.13.RELEASE.jar;D:\registry\org\springframework\spring-test\4.3.13.RELEASE\spring-test-4.3.13.RELEASE.jar;, java.specification.name=Java Platform API Specification, java.class.version=52.0, sun.management.compiler=HotSpot 64-Bit Tiered Compilers, os.version=10.0, user.home=C:\Users\think, user.timezone=Asia/Shanghai, java.awt.printerjob=sun.awt.windows.WPrinterJob, file.encoding=GBK, java.specification.version=1.8, java.class.path=D:\Projects\spring-cloud-examples\spring-boot-admin-eureka\spring-boot-admin-server\target\test-classes;D:\Projects\spring-cloud-examples\spring-boot-admin-eureka\spring-boot-admin-server\target\classes;D:\registry\org\springframework\cloud\spring-cloud-starter-eureka\1.4.2.RELEASE\spring-cloud-starter-eureka-1.4.2.RELEASE.jar;D:\registry\org\springframework\cloud\spring-cloud-starter-netflix-eureka-client\1.4.2.RELEASE\spring-cloud-starter-netflix-eureka-client-1.4.2.RELEASE.jar;D:\registry\org\springframework\cloud\spring-cloud-starter\1.3.1.RELEASE\spring-cloud-starter-1.3.1.RELEASE.jar;D:\registry\org\springframework\security\spring-security-rsa\1.0.3.RELEASE\spring-security-rsa-1.0.3.RELEASE.jar;D:\registry\org\bouncycastle\bcpkix-jdk15on\1.55\bcpkix-jdk15on-1.55.jar;D:\registry\org\bouncycastle\bcprov-jdk15on\1.55\bcprov-jdk15on-1.55.jar;D:\registry\org\springframework\cloud\spring-cloud-netflix-eureka-client\1.4.2.RELEASE\spring-cloud-netflix-eureka-client-1.4.2.RELEASE.jar;D:\registry\com\netflix\eureka\eureka-client\1.7.0\eureka-client-1.7.0.jar;D:\registry\org\codehaus\jettison\jettison\1.3.7\jettison-1.3.7.jar;D:\registry\stax\stax-api\1.0.1\stax-api-1.0.1.jar;D:\registry\com\netflix\netflix-commons\netflix-eventbus\0.3.0\netflix-eventbus-0.3.0.jar;D:\registry\com\netflix\netflix-commons\netflix-infix\0.3.0\netflix-infix-0.3.0.jar;D:\registry\commons-jxpath\commons-jxpath\1.3\commons-jxpath-1.3.jar;D:\registry\joda-time\joda-time\2.9.9\joda-time-2.9.9.jar;D:\registry\org\antlr\antlr-runtime\3.4\antlr-runtime-3.4.jar;D:\registry\org\antlr\stringtemplate\3.2.1\stringtemplate-3.2.1.jar;D:\registry\antlr\antlr\2.7.7\antlr-2.7.7.jar;D:\registry\com\google\code\gson\gson\2.8.2\gson-2.8.2.jar;D:\registry\org\apache\commons\commons-math\2.2\commons-math-2.2.jar;D:\registry\javax\ws\rs\jsr311-api\1.1.1\jsr311-api-1.1.1.jar;D:\registry\com\sun\jersey\jersey-core\1.19.1\jersey-core-1.19.1.jar;D:\registry\com\sun\jersey\jersey-client\1.19.1\jersey-client-1.19.1.jar;D:\registry\com\sun\jersey\contribs\jersey-apache-client4\1.19.1\jersey-apache-client4-1.19.1.jar;D:\registry\com\google\inject\guice\4.1.0\guice-4.1.0.jar;D:\registry\javax\inject\javax.inject\1\javax.inject-1.jar;D:\registry\aopalliance\aopalliance\1.0\aopalliance-1.0.jar;D:\registry\com\netflix\eureka\eureka-core\1.7.0\eureka-core-1.7.0.jar;D:\registry\org\codehaus\woodstox\woodstox-core-asl\4.4.1\woodstox-core-asl-4.4.1.jar;D:\registry\javax\xml\stream\stax-api\1.0-2\stax-api-1.0-2.jar;D:\registry\org\codehaus\woodstox\stax2-api\3.1.4\stax2-api-3.1.4.jar;D:\registry\org\springframework\cloud\spring-cloud-starter-netflix-archaius\1.4.2.RELEASE\spring-cloud-starter-netflix-archaius-1.4.2.RELEASE.jar;D:\registry\commons-configuration\commons-configuration\1.8\commons-configuration-1.8.jar;D:\registry\commons-lang\commons-lang\2.6\commons-lang-2.6.jar;D:\registry\com\google\guava\guava\18.0\guava-18.0.jar;D:\registry\org\springframework\cloud\spring-cloud-starter-netflix-ribbon\1.4.2.RELEASE\spring-cloud-starter-netflix-ribbon-1.4.2.RELEASE.jar;D:\registry\com\netflix\ribbon\ribbon\2.2.4\ribbon-2.2.4.jar;D:\registry\com\netflix\ribbon\ribbon-transport\2.2.4\ribbon-transport-2.2.4.jar;D:\registry\io\reactivex\rxnetty-contexts\0.4.9\rxnetty-contexts-0.4.9.jar;D:\registry\io\reactivex\rxnetty-servo\0.4.9\rxnetty-servo-0.4.9.jar;D:\registry\io\reactivex\rxnetty\0.4.9\rxnetty-0.4.9.jar;D:\registry\io\netty\netty-codec-http\4.0.27.Final\netty-codec-http-4.0.27.Final.jar;D:\registry\io\netty\netty-codec\4.0.27.Final\netty-codec-4.0.27.Final.jar;D:\registry\io\netty\netty-handler\4.0.27.Final\netty-handler-4.0.27.Final.jar;D:\registry\io\netty\netty-transport-native-epoll\4.0.27.Final\netty-transport-native-epoll-4.0.27.Final.jar;D:\registry\io\netty\netty-common\4.0.27.Final\netty-common-4.0.27.Final.jar;D:\registry\io\netty\netty-buffer\4.0.27.Final\netty-buffer-4.0.27.Final.jar;D:\registry\io\netty\netty-transport\4.0.27.Final\netty-transport-4.0.27.Final.jar;D:\registry\com\netflix\ribbon\ribbon-core\2.2.4\ribbon-core-2.2.4.jar;D:\registry\com\netflix\ribbon\ribbon-httpclient\2.2.4\ribbon-httpclient-2.2.4.jar;D:\registry\commons-collections\commons-collections\3.2.2\commons-collections-3.2.2.jar;D:\registry\com\netflix\ribbon\ribbon-loadbalancer\2.2.4\ribbon-loadbalancer-2.2.4.jar;D:\registry\com\netflix\netflix-commons\netflix-statistics\0.1.1\netflix-statistics-0.1.1.jar;D:\registry\com\netflix\ribbon\ribbon-eureka\2.2.4\ribbon-eureka-2.2.4.jar;D:\registry\com\thoughtworks\xstream\xstream\1.4.9\xstream-1.4.9.jar;D:\registry\xmlpull\xmlpull\1.1.3.1\xmlpull-1.1.3.1.jar;D:\registry\xpp3\xpp3_min\1.1.4c\xpp3_min-1.1.4c.jar;D:\registry\de\codecentric\spring-boot-admin-server\1.5.6\spring-boot-admin-server-1.5.6.jar;D:\registry\org\springframework\boot\spring-boot-starter-web\1.5.9.RELEASE\spring-boot-starter-web-1.5.9.RELEASE.jar;D:\registry\org\springframework\boot\spring-boot-starter-tomcat\1.5.9.RELEASE\spring-boot-starter-tomcat-1.5.9.RELEASE.jar;D:\registry\org\apache\tomcat\embed\tomcat-embed-core\8.5.23\tomcat-embed-core-8.5.23.jar;D:\registry\org\apache\tomcat\tomcat-annotations-api\8.5.23\tomcat-annotations-api-8.5.23.jar;D:\registry\org\apache\tomcat\embed\tomcat-embed-el\8.5.23\tomcat-embed-el-8.5.23.jar;D:\registry\org\apache\tomcat\embed\tomcat-embed-websocket\8.5.23\tomcat-embed-websocket-8.5.23.jar;D:\registry\org\hibernate\hibernate-validator\5.3.6.Final\hibernate-validator-5.3.6.Final.jar;D:\registry\javax\validation\validation-api\1.1.0.Final\validation-api-1.1.0.Final.jar;D:\registry\org\jboss\logging\jboss-logging\3.3.1.Final\jboss-logging-3.3.1.Final.jar;D:\registry\com\fasterxml\classmate\1.3.4\classmate-1.3.4.jar;D:\registry\org\springframework\spring-web\4.3.13.RELEASE\spring-web-4.3.13.RELEASE.jar;D:\registry\org\springframework\spring-webmvc\4.3.13.RELEASE\spring-webmvc-4.3.13.RELEASE.jar;D:\registry\org\springframework\boot\spring-boot-starter-actuator\1.5.9.RELEASE\spring-boot-starter-actuator-1.5.9.RELEASE.jar;D:\registry\org\springframework\boot\spring-boot-actuator\1.5.9.RELEASE\spring-boot-actuator-1.5.9.RELEASE.jar;D:\registry\com\fasterxml\jackson\core\jackson-databind\2.8.10\jackson-databind-2.8.10.jar;D:\registry\com\fasterxml\jackson\core\jackson-annotations\2.8.0\jackson-annotations-2.8.0.jar;D:\registry\com\fasterxml\jackson\core\jackson-core\2.8.10\jackson-core-2.8.10.jar;D:\registry\com\netflix\zuul\zuul-core\1.3.0\zuul-core-1.3.0.jar;D:\registry\commons-io\commons-io\2.4\commons-io-2.4.jar;D:\registry\org\slf4j\slf4j-api\1.7.25\slf4j-api-1.7.25.jar;D:\registry\com\netflix\archaius\archaius-core\0.7.4\archaius-core-0.7.4.jar;D:\registry\com\google\code\findbugs\jsr305\3.0.1\jsr305-3.0.1.jar;D:\registry\com\netflix\servo\servo-core\0.10.1\servo-core-0.10.1.jar;D:\registry\com\netflix\servo\servo-internal\0.10.1\servo-internal-0.10.1.jar;D:\registry\com\netflix\netflix-commons\netflix-commons-util\0.1.1\netflix-commons-util-0.1.1.jar;D:\registry\com\netflix\hystrix\hystrix-core\1.5.12\hystrix-core-1.5.12.jar;D:\registry\io\reactivex\rxjava\1.2.0\rxjava-1.2.0.jar;D:\registry\org\hdrhistogram\HdrHistogram\2.1.9\HdrHistogram-2.1.9.jar;D:\registry\org\springframework\cloud\spring-cloud-netflix-core\1.4.2.RELEASE\spring-cloud-netflix-core-1.4.2.RELEASE.jar;D:\registry\org\springframework\boot\spring-boot\1.5.9.RELEASE\spring-boot-1.5.9.RELEASE.jar;D:\registry\org\springframework\boot\spring-boot-autoconfigure\1.5.9.RELEASE\spring-boot-autoconfigure-1.5.9.RELEASE.jar;D:\registry\org\springframework\cloud\spring-cloud-context\1.3.1.RELEASE\spring-cloud-context-1.3.1.RELEASE.jar;D:\registry\org\springframework\security\spring-security-crypto\4.2.3.RELEASE\spring-security-crypto-4.2.3.RELEASE.jar;D:\registry\org\springframework\cloud\spring-cloud-commons\1.3.1.RELEASE\spring-cloud-commons-1.3.1.RELEASE.jar;D:\registry\org\apache\httpcomponents\httpclient\4.5.3\httpclient-4.5.3.jar;D:\registry\org\apache\httpcomponents\httpcore\4.4.8\httpcore-4.4.8.jar;D:\registry\commons-codec\commons-codec\1.10\commons-codec-1.10.jar;D:\registry\de\codecentric\spring-boot-admin-server-ui\1.5.6\spring-boot-admin-server-ui-1.5.6.jar;D:\registry\org\springframework\boot\spring-boot-starter-mail\1.5.9.RELEASE\spring-boot-starter-mail-1.5.9.RELEASE.jar;D:\registry\org\springframework\boot\spring-boot-starter\1.5.9.RELEASE\spring-boot-starter-1.5.9.RELEASE.jar;D:\registry\org\springframework\boot\spring-boot-starter-logging\1.5.9.RELEASE\spring-boot-starter-logging-1.5.9.RELEASE.jar;D:\registry\ch\qos\logback\logback-classic\1.1.11\logback-classic-1.1.11.jar;D:\registry\ch\qos\logback\logback-core\1.1.11\logback-core-1.1.11.jar;D:\registry\org\slf4j\jcl-over-slf4j\1.7.25\jcl-over-slf4j-1.7.25.jar;D:\registry\org\slf4j\jul-to-slf4j\1.7.25\jul-to-slf4j-1.7.25.jar;D:\registry\org\slf4j\log4j-over-slf4j\1.7.25\log4j-over-slf4j-1.7.25.jar;D:\registry\org\yaml\snakeyaml\1.17\snakeyaml-1.17.jar;D:\registry\org\springframework\spring-context\4.3.13.RELEASE\spring-context-4.3.13.RELEASE.jar;D:\registry\org\springframework\spring-aop\4.3.13.RELEASE\spring-aop-4.3.13.RELEASE.jar;D:\registry\org\springframework\spring-beans\4.3.13.RELEASE\spring-beans-4.3.13.RELEASE.jar;D:\registry\org\springframework\spring-expression\4.3.13.RELEASE\spring-expression-4.3.13.RELEASE.jar;D:\registry\org\springframework\spring-context-support\4.3.13.RELEASE\spring-context-support-4.3.13.RELEASE.jar;D:\registry\com\sun\mail\javax.mail\1.5.6\javax.mail-1.5.6.jar;D:\registry\javax\activation\activation\1.1\activation-1.1.jar;D:\registry\org\springframework\boot\spring-boot-starter-test\1.5.9.RELEASE\spring-boot-starter-test-1.5.9.RELEASE.jar;D:\registry\org\springframework\boot\spring-boot-test\1.5.9.RELEASE\spring-boot-test-1.5.9.RELEASE.jar;D:\registry\org\springframework\boot\spring-boot-test-autoconfigure\1.5.9.RELEASE\spring-boot-test-autoconfigure-1.5.9.RELEASE.jar;D:\registry\com\jayway\jsonpath\json-path\2.2.0\json-path-2.2.0.jar;D:\registry\net\minidev\json-smart\2.2.1\json-smart-2.2.1.jar;D:\registry\net\minidev\accessors-smart\1.1\accessors-smart-1.1.jar;D:\registry\org\ow2\asm\asm\5.0.3\asm-5.0.3.jar;D:\registry\junit\junit\4.12\junit-4.12.jar;D:\registry\org\assertj\assertj-core\2.6.0\assertj-core-2.6.0.jar;D:\registry\org\mockito\mockito-core\1.10.19\mockito-core-1.10.19.jar;D:\registry\org\objenesis\objenesis\2.1\objenesis-2.1.jar;D:\registry\org\hamcrest\hamcrest-core\1.3\hamcrest-core-1.3.jar;D:\registry\org\hamcrest\hamcrest-library\1.3\hamcrest-library-1.3.jar;D:\registry\org\skyscreamer\jsonassert\1.4.0\jsonassert-1.4.0.jar;D:\registry\com\vaadin\external\google\android-json\0.0.20131108.vaadin1\android-json-0.0.20131108.vaadin1.jar;D:\registry\org\springframework\spring-core\4.3.13.RELEASE\spring-core-4.3.13.RELEASE.jar;D:\registry\org\springframework\spring-test\4.3.13.RELEASE\spring-test-4.3.13.RELEASE.jar;, user.name=think, java.vm.specification.version=1.8, sun.java.command=D:\Projects\spring-cloud-examples\spring-boot-admin-eureka\spring-boot-admin-server\target\surefire\surefirebooter1168767467812997099.jar D:\Projects\spring-cloud-examples\spring-boot-admin-eureka\spring-boot-admin-server\target\surefire\surefire84106420750185620tmp D:\Projects\spring-cloud-examples\spring-boot-admin-eureka\spring-boot-admin-server\target\surefire\surefire_06085209131672307160tmp, java.home=D:\soft\jdk\jre, sun.arch.data.model=64, user.language=zh, java.specification.vendor=Oracle Corporation, awt.toolkit=sun.awt.windows.WToolkit, java.vm.info=mixed mode, java.version=1.8.0_172, java.ext.dirs=D:\soft\jdk\jre\lib\ext;C:\WINDOWS\Sun\Java\lib\ext, sun.boot.class.path=D:\soft\jdk\jre\lib\resources.jar;D:\soft\jdk\jre\lib\rt.jar;D:\soft\jdk\jre\lib\sunrsasign.jar;D:\soft\jdk\jre\lib\jsse.jar;D:\soft\jdk\jre\lib\jce.jar;D:\soft\jdk\jre\lib\charsets.jar;D:\soft\jdk\jre\lib\jfr.jar;D:\soft\jdk\jre\classes, java.vendor=Oracle Corporation, localRepository=D:\registry, file.separator=\, java.vendor.url.bug=http://bugreport.sun.com/bugreport/, sun.io.unicode.encoding=UnicodeLittle, sun.cpu.endian=little, sun.desktop=windows, sun.cpu.isalist=amd64}}, SystemEnvironmentPropertySource@1983025922 {name='systemEnvironment', properties={PATH=D:\soft\python2\;D:\soft\python2\Scripts;C:\Program Files\Java\jre1.8.0_172\bin;C:\Program Files\Java\jre1.8.0_172\jre\bin;C:\Program Files (x86)\Common Files\Oracle\Java\javapath;C:\Program Files (x86)\Intel\iCLS Client\;C:\Program Files\Intel\iCLS Client\;C:\Windows\system32;C:\Windows;C:\Windows\System32\Wbem;C:\Windows\System32\WindowsPowerShell\v1.0\;C:\Program Files (x86)\Intel\Intel(R) Management Engine Components\DAL;C:\Program Files\Intel\Intel(R) Management Engine Components\DAL;C:\Program Files (x86)\Intel\Intel(R) Management Engine Components\IPT;C:\Program Files\Intel\Intel(R) Management Engine Components\IPT;C:\Program Files (x86)\NVIDIA Corporation\PhysX\Common;D:\soft\apache-maven-3.5.4\bin;C:\Program Files (x86)\MySQL\MySQL Utilities 1.6\;C:\WINDOWS\system32;C:\WINDOWS;C:\WINDOWS\System32\Wbem;C:\WINDOWS\System32\WindowsPowerShell\v1.0\;C:\WINDOWS\System32\OpenSSH\;D:\soft\nodeJS\;D:\soft\Git\cmd;C:\Users\think\AppData\Local\Microsoft\WindowsApps;C:\Users\think\AppData\Roaming\npm, USERDOMAIN_ROAMINGPROFILE=DESKTOP-E9FQF3D, LOCALAPPDATA=C:\Users\think\AppData\Local, PROCESSOR_LEVEL=6, SYSTEMDRIVE=C:, COMMONPROGRAMFILES(X86)=C:\Program Files (x86)\Common Files, USERDOMAIN=DESKTOP-E9FQF3D, LOGONSERVER=\\DESKTOP-E9FQF3D, JAVA_HOME=C:\Program Files\Java\jre1.8.0_172, PROMPT=$P$G, SESSIONNAME=Console, ALLUSERSPROFILE=C:\ProgramData, PROGRAMFILES(X86)=C:\Program Files (x86), PROCESSOR_ARCHITECTURE=AMD64, DRIVERDATA=C:\Windows\System32\Drivers\DriverData, MAVEN_HOME=D:\soft\apache-maven-3.5.4, PROGRAMFILES=C:\Program Files, APPDATA=C:\Users\think\AppData\Roaming, PSMODULEPATH=C:\Program Files\WindowsPowerShell\Modules;C:\WINDOWS\system32\WindowsPowerShell\v1.0\Modules, PROGRAMW6432=C:\Program Files, PROGRAMDATA=C:\ProgramData, SYSTEMROOT=C:\WINDOWS, USERNAME=think, ONEDRIVE=C:\Users\think\OneDrive, CONFIGSETROOT=C:\WINDOWS\ConfigSetRoot, PATHEXT=.COM;.EXE;.BAT;.CMD;.VBS;.VBE;.JS;.JSE;.WSF;.WSH;.MSC, OS=Windows_NT, COMMONPROGRAMW6432=C:\Program Files\Common Files, COMPUTERNAME=DESKTOP-E9FQF3D, COMMONPROGRAMFILES=C:\Program Files\Common Files, COMSPEC=C:\WINDOWS\system32\cmd.exe, PROCESSOR_REVISION=5e03, CLASSPATH=.;C:\Program Files\Java\jre1.8.0_172\bin;C:\Program Files\Java\jre1.8.0_172\lib\dt.jar;C:\Program Files\Java\jre1.8.0_172\lib\tools.jar, WINDIR=C:\WINDOWS, =D:=D:\Projects\spring-cloud-examples\spring-boot-admin-eureka\spring-boot-admin-server, HOMEPATH=\Users\think, TEMP=C:\Users\think\AppData\Local\Temp, HOMEDRIVE=C:, PROCESSOR_IDENTIFIER=Intel64 Family 6 Model 94 Stepping 3, GenuineIntel, USERPROFILE=C:\Users\think, TMP=C:\Users\think\AppData\Local\Temp, PUBLIC=C:\Users\Public, NUMBER_OF_PROCESSORS=8, =::=::\}}]
13:06:27.090 [main] DEBUG org.springframework.core.io.support.PathMatchingResourcePatternResolver - Resolved classpath location [com/neo/] to resources [URL [file:/D:/Projects/spring-cloud-examples/spring-boot-admin-eureka/spring-boot-admin-server/target/test-classes/com/neo/], URL [file:/D:/Projects/spring-cloud-examples/spring-boot-admin-eureka/spring-boot-admin-server/target/classes/com/neo/]]
13:06:27.090 [main] DEBUG org.springframework.core.io.support.PathMatchingResourcePatternResolver - Looking for matching resources in directory tree [D:\Projects\spring-cloud-examples\spring-boot-admin-eureka\spring-boot-admin-server\target\test-classes\com\neo]
13:06:27.090 [main] DEBUG org.springframework.core.io.support.PathMatchingResourcePatternResolver - Searching directory [D:\Projects\spring-cloud-examples\spring-boot-admin-eureka\spring-boot-admin-server\target\test-classes\com\neo] for files matching pattern [D:/Projects/spring-cloud-examples/spring-boot-admin-eureka/spring-boot-admin-server/target/test-classes/com/neo/*.class]
13:06:27.091 [main] DEBUG org.springframework.core.io.support.PathMatchingResourcePatternResolver - Looking for matching resources in directory tree [D:\Projects\spring-cloud-examples\spring-boot-admin-eureka\spring-boot-admin-server\target\classes\com\neo]
13:06:27.091 [main] DEBUG org.springframework.core.io.support.PathMatchingResourcePatternResolver - Searching directory [D:\Projects\spring-cloud-examples\spring-boot-admin-eureka\spring-boot-admin-server\target\classes\com\neo] for files matching pattern [D:/Projects/spring-cloud-examples/spring-boot-admin-eureka/spring-boot-admin-server/target/classes/com/neo/*.class]
13:06:27.092 [main] DEBUG org.springframework.core.io.support.PathMatchingResourcePatternResolver - Resolved location pattern [classpath*:com/neo/*.class] to resources [file [D:\Projects\spring-cloud-examples\spring-boot-admin-eureka\spring-boot-admin-server\target\test-classes\com\neo\AdminServerApplicationTests.class], file [D:\Projects\spring-cloud-examples\spring-boot-admin-eureka\spring-boot-admin-server\target\classes\com\neo\AdminServerApplication.class]]
13:06:27.096 [main] DEBUG org.springframework.core.io.support.PathMatchingResourcePatternResolver - Resolved classpath location [com/] to resources [URL [file:/D:/Projects/spring-cloud-examples/spring-boot-admin-eureka/spring-boot-admin-server/target/test-classes/com/], URL [file:/D:/Projects/spring-cloud-examples/spring-boot-admin-eureka/spring-boot-admin-server/target/classes/com/], URL [jar:file:/D:/registry/com/netflix/eureka/eureka-client/1.7.0/eureka-client-1.7.0.jar!/com/], URL [jar:file:/D:/registry/com/netflix/netflix-commons/netflix-eventbus/0.3.0/netflix-eventbus-0.3.0.jar!/com/], URL [jar:file:/D:/registry/com/netflix/netflix-commons/netflix-infix/0.3.0/netflix-infix-0.3.0.jar!/com/], URL [jar:file:/D:/registry/com/google/code/gson/gson/2.8.2/gson-2.8.2.jar!/com/], URL [jar:file:/D:/registry/com/sun/jersey/jersey-core/1.19.1/jersey-core-1.19.1.jar!/com/], URL [jar:file:/D:/registry/com/sun/jersey/jersey-client/1.19.1/jersey-client-1.19.1.jar!/com/], URL [jar:file:/D:/registry/com/sun/jersey/contribs/jersey-apache-client4/1.19.1/jersey-apache-client4-1.19.1.jar!/com/], URL [jar:file:/D:/registry/com/google/inject/guice/4.1.0/guice-4.1.0.jar!/com/], URL [jar:file:/D:/registry/com/netflix/eureka/eureka-core/1.7.0/eureka-core-1.7.0.jar!/com/], URL [jar:file:/D:/registry/org/codehaus/woodstox/woodstox-core-asl/4.4.1/woodstox-core-asl-4.4.1.jar!/com/], URL [jar:file:/D:/registry/com/google/guava/guava/18.0/guava-18.0.jar!/com/], URL [jar:file:/D:/registry/com/netflix/ribbon/ribbon/2.2.4/ribbon-2.2.4.jar!/com/], URL [jar:file:/D:/registry/com/netflix/ribbon/ribbon-transport/2.2.4/ribbon-transport-2.2.4.jar!/com/], URL [jar:file:/D:/registry/io/reactivex/rxnetty-contexts/0.4.9/rxnetty-contexts-0.4.9.jar!/com/], URL [jar:file:/D:/registry/com/netflix/ribbon/ribbon-core/2.2.4/ribbon-core-2.2.4.jar!/com/], URL [jar:file:/D:/registry/com/netflix/ribbon/ribbon-httpclient/2.2.4/ribbon-httpclient-2.2.4.jar!/com/], URL [jar:file:/D:/registry/com/netflix/ribbon/ribbon-loadbalancer/2.2.4/ribbon-loadbalancer-2.2.4.jar!/com/], URL [jar:file:/D:/registry/com/netflix/netflix-commons/netflix-statistics/0.1.1/netflix-statistics-0.1.1.jar!/com/], URL [jar:file:/D:/registry/com/netflix/ribbon/ribbon-eureka/2.2.4/ribbon-eureka-2.2.4.jar!/com/], URL [jar:file:/D:/registry/com/thoughtworks/xstream/xstream/1.4.9/xstream-1.4.9.jar!/com/], URL [jar:file:/D:/registry/com/fasterxml/classmate/1.3.4/classmate-1.3.4.jar!/com/], URL [jar:file:/D:/registry/com/fasterxml/jackson/core/jackson-databind/2.8.10/jackson-databind-2.8.10.jar!/com/], URL [jar:file:/D:/registry/com/fasterxml/jackson/core/jackson-annotations/2.8.0/jackson-annotations-2.8.0.jar!/com/], URL [jar:file:/D:/registry/com/fasterxml/jackson/core/jackson-core/2.8.10/jackson-core-2.8.10.jar!/com/], URL [jar:file:/D:/registry/com/netflix/zuul/zuul-core/1.3.0/zuul-core-1.3.0.jar!/com/], URL [jar:file:/D:/registry/com/netflix/archaius/archaius-core/0.7.4/archaius-core-0.7.4.jar!/com/], URL [jar:file:/D:/registry/com/netflix/servo/servo-core/0.10.1/servo-core-0.10.1.jar!/com/], URL [jar:file:/D:/registry/com/netflix/servo/servo-internal/0.10.1/servo-internal-0.10.1.jar!/com/], URL [jar:file:/D:/registry/com/netflix/netflix-commons/netflix-commons-util/0.1.1/netflix-commons-util-0.1.1.jar!/com/], URL [jar:file:/D:/registry/com/netflix/hystrix/hystrix-core/1.5.12/hystrix-core-1.5.12.jar!/com/], URL [jar:file:/D:/registry/com/sun/mail/javax.mail/1.5.6/javax.mail-1.5.6.jar!/com/], URL [jar:file:/D:/registry/javax/activation/activation/1.1/activation-1.1.jar!/com/], URL [jar:file:/D:/registry/com/jayway/jsonpath/json-path/2.2.0/json-path-2.2.0.jar!/com/]]
13:06:27.097 [main] DEBUG org.springframework.core.io.support.PathMatchingResourcePatternResolver - Looking for matching resources in directory tree [D:\Projects\spring-cloud-examples\spring-boot-admin-eureka\spring-boot-admin-server\target\test-classes\com]
13:06:27.097 [main] DEBUG org.springframework.core.io.support.PathMatchingResourcePatternResolver - Searching directory [D:\Projects\spring-cloud-examples\spring-boot-admin-eureka\spring-boot-admin-server\target\test-classes\com] for files matching pattern [D:/Projects/spring-cloud-examples/spring-boot-admin-eureka/spring-boot-admin-server/target/test-classes/com/*.class]
13:06:27.098 [main] DEBUG org.springframework.core.io.support.PathMatchingResourcePatternResolver - Looking for matching resources in directory tree [D:\Projects\spring-cloud-examples\spring-boot-admin-eureka\spring-boot-admin-server\target\classes\com]
13:06:27.098 [main] DEBUG org.springframework.core.io.support.PathMatchingResourcePatternResolver - Searching directory [D:\Projects\spring-cloud-examples\spring-boot-admin-eureka\spring-boot-admin-server\target\classes\com] for files matching pattern [D:/Projects/spring-cloud-examples/spring-boot-admin-eureka/spring-boot-admin-server/target/classes/com/*.class]
13:06:27.100 [main] DEBUG org.springframework.core.io.support.PathMatchingResourcePatternResolver - Looking for matching resources in jar file [file:/D:/registry/com/netflix/eureka/eureka-client/1.7.0/eureka-client-1.7.0.jar]
13:06:27.100 [main] DEBUG org.springframework.core.io.support.PathMatchingResourcePatternResolver - Looking for matching resources in jar file [file:/D:/registry/com/netflix/netflix-commons/netflix-eventbus/0.3.0/netflix-eventbus-0.3.0.jar]
13:06:27.101 [main] DEBUG org.springframework.core.io.support.PathMatchingResourcePatternResolver - Looking for matching resources in jar file [file:/D:/registry/com/netflix/netflix-commons/netflix-infix/0.3.0/netflix-infix-0.3.0.jar]
13:06:27.102 [main] DEBUG org.springframework.core.io.support.PathMatchingResourcePatternResolver - Looking for matching resources in jar file [file:/D:/registry/com/google/code/gson/gson/2.8.2/gson-2.8.2.jar]
13:06:27.103 [main] DEBUG org.springframework.core.io.support.PathMatchingResourcePatternResolver - Looking for matching resources in jar file [file:/D:/registry/com/sun/jersey/jersey-core/1.19.1/jersey-core-1.19.1.jar]
13:06:27.106 [main] DEBUG org.springframework.core.io.support.PathMatchingResourcePatternResolver - Looking for matching resources in jar file [file:/D:/registry/com/sun/jersey/jersey-client/1.19.1/jersey-client-1.19.1.jar]
13:06:27.107 [main] DEBUG org.springframework.core.io.support.PathMatchingResourcePatternResolver - Looking for matching resources in jar file [file:/D:/registry/com/sun/jersey/contribs/jersey-apache-client4/1.19.1/jersey-apache-client4-1.19.1.jar]
13:06:27.107 [main] DEBUG org.springframework.core.io.support.PathMatchingResourcePatternResolver - Looking for matching resources in jar file [file:/D:/registry/com/google/inject/guice/4.1.0/guice-4.1.0.jar]
13:06:27.110 [main] DEBUG org.springframework.core.io.support.PathMatchingResourcePatternResolver - Looking for matching resources in jar file [file:/D:/registry/com/netflix/eureka/eureka-core/1.7.0/eureka-core-1.7.0.jar]
13:06:27.112 [main] DEBUG org.springframework.core.io.support.PathMatchingResourcePatternResolver - Looking for matching resources in jar file [file:/D:/registry/org/codehaus/woodstox/woodstox-core-asl/4.4.1/woodstox-core-asl-4.4.1.jar]
13:06:27.113 [main] DEBUG org.springframework.core.io.support.PathMatchingResourcePatternResolver - Looking for matching resources in jar file [file:/D:/registry/com/google/guava/guava/18.0/guava-18.0.jar]
13:06:27.117 [main] DEBUG org.springframework.core.io.support.PathMatchingResourcePatternResolver - Looking for matching resources in jar file [file:/D:/registry/com/netflix/ribbon/ribbon/2.2.4/ribbon-2.2.4.jar]
13:06:27.118 [main] DEBUG org.springframework.core.io.support.PathMatchingResourcePatternResolver - Looking for matching resources in jar file [file:/D:/registry/com/netflix/ribbon/ribbon-transport/2.2.4/ribbon-transport-2.2.4.jar]
13:06:27.118 [main] DEBUG org.springframework.core.io.support.PathMatchingResourcePatternResolver - Looking for matching resources in jar file [file:/D:/registry/io/reactivex/rxnetty-contexts/0.4.9/rxnetty-contexts-0.4.9.jar]
13:06:27.118 [main] DEBUG org.springframework.core.io.support.PathMatchingResourcePatternResolver - Looking for matching resources in jar file [file:/D:/registry/com/netflix/ribbon/ribbon-core/2.2.4/ribbon-core-2.2.4.jar]
13:06:27.119 [main] DEBUG org.springframework.core.io.support.PathMatchingResourcePatternResolver - Looking for matching resources in jar file [file:/D:/registry/com/netflix/ribbon/ribbon-httpclient/2.2.4/ribbon-httpclient-2.2.4.jar]
13:06:27.119 [main] DEBUG org.springframework.core.io.support.PathMatchingResourcePatternResolver - Looking for matching resources in jar file [file:/D:/registry/com/netflix/ribbon/ribbon-loadbalancer/2.2.4/ribbon-loadbalancer-2.2.4.jar]
13:06:27.120 [main] DEBUG org.springframework.core.io.support.PathMatchingResourcePatternResolver - Looking for matching resources in jar file [file:/D:/registry/com/netflix/netflix-commons/netflix-statistics/0.1.1/netflix-statistics-0.1.1.jar]
13:06:27.120 [main] DEBUG org.springframework.core.io.support.PathMatchingResourcePatternResolver - Looking for matching resources in jar file [file:/D:/registry/com/netflix/ribbon/ribbon-eureka/2.2.4/ribbon-eureka-2.2.4.jar]
13:06:27.120 [main] DEBUG org.springframework.core.io.support.PathMatchingResourcePatternResolver - Looking for matching resources in jar file [file:/D:/registry/com/thoughtworks/xstream/xstream/1.4.9/xstream-1.4.9.jar]
13:06:27.122 [main] DEBUG org.springframework.core.io.support.PathMatchingResourcePatternResolver - Looking for matching resources in jar file [file:/D:/registry/com/fasterxml/classmate/1.3.4/classmate-1.3.4.jar]
13:06:27.123 [main] DEBUG org.springframework.core.io.support.PathMatchingResourcePatternResolver - Looking for matching resources in jar file [file:/D:/registry/com/fasterxml/jackson/core/jackson-databind/2.8.10/jackson-databind-2.8.10.jar]
13:06:27.129 [main] DEBUG org.springframework.core.io.support.PathMatchingResourcePatternResolver - Looking for matching resources in jar file [file:/D:/registry/com/fasterxml/jackson/core/jackson-annotations/2.8.0/jackson-annotations-2.8.0.jar]
13:06:27.130 [main] DEBUG org.springframework.core.io.support.PathMatchingResourcePatternResolver - Looking for matching resources in jar file [file:/D:/registry/com/fasterxml/jackson/core/jackson-core/2.8.10/jackson-core-2.8.10.jar]
13:06:27.130 [main] DEBUG org.springframework.core.io.support.PathMatchingResourcePatternResolver - Looking for matching resources in jar file [file:/D:/registry/com/netflix/zuul/zuul-core/1.3.0/zuul-core-1.3.0.jar]
13:06:27.131 [main] DEBUG org.springframework.core.io.support.PathMatchingResourcePatternResolver - Looking for matching resources in jar file [file:/D:/registry/com/netflix/archaius/archaius-core/0.7.4/archaius-core-0.7.4.jar]
13:06:27.131 [main] DEBUG org.springframework.core.io.support.PathMatchingResourcePatternResolver - Looking for matching resources in jar file [file:/D:/registry/com/netflix/servo/servo-core/0.10.1/servo-core-0.10.1.jar]
13:06:27.132 [main] DEBUG org.springframework.core.io.support.PathMatchingResourcePatternResolver - Looking for matching resources in jar file [file:/D:/registry/com/netflix/servo/servo-internal/0.10.1/servo-internal-0.10.1.jar]
13:06:27.133 [main] DEBUG org.springframework.core.io.support.PathMatchingResourcePatternResolver - Looking for matching resources in jar file [file:/D:/registry/com/netflix/netflix-commons/netflix-commons-util/0.1.1/netflix-commons-util-0.1.1.jar]
13:06:27.133 [main] DEBUG org.springframework.core.io.support.PathMatchingResourcePatternResolver - Looking for matching resources in jar file [file:/D:/registry/com/netflix/hystrix/hystrix-core/1.5.12/hystrix-core-1.5.12.jar]
13:06:27.135 [main] DEBUG org.springframework.core.io.support.PathMatchingResourcePatternResolver - Looking for matching resources in jar file [file:/D:/registry/com/sun/mail/javax.mail/1.5.6/javax.mail-1.5.6.jar]
13:06:27.135 [main] DEBUG org.springframework.core.io.support.PathMatchingResourcePatternResolver - Looking for matching resources in jar file [file:/D:/registry/javax/activation/activation/1.1/activation-1.1.jar]
13:06:27.136 [main] DEBUG org.springframework.core.io.support.PathMatchingResourcePatternResolver - Looking for matching resources in jar file [file:/D:/registry/com/jayway/jsonpath/json-path/2.2.0/json-path-2.2.0.jar]
13:06:27.137 [main] DEBUG org.springframework.core.io.support.PathMatchingResourcePatternResolver - Resolved location pattern [classpath*:com/*.class] to resources []
]]></system-out>
  </testcase>
</testsuite>